[0.011s] Invoking command in '/home/danish/Downloads/Auto--Agesis-main/build/dbot': CMAKE_PREFIX_PATH=${CMAKE_PREFIX_PATH}:/home/danish/Downloads/Auto--Agesis-main/install/serial_motor_demo:/home/danish/Downloads/Auto--Agesis-main/install/ros2_streamer:/opt/ros/humble DEBUGINFOD_URLS=https://debuginfod.ubuntu.com /usr/bin/cmake /home/danish/Downloads/Auto--Agesis-main/src/dbot -DCMAKE_INSTALL_PREFIX=/home/danish/Downloads/Auto--Agesis-main/install/dbot
[0.054s] -- The C compiler identification is GNU 11.4.0
[0.098s] -- The CXX compiler identification is GNU 11.4.0
[0.104s] -- Detecting C compiler ABI info
[0.161s] -- Detecting C compiler ABI info - done
[0.166s] -- Check for working C compiler: /usr/bin/cc - skipped
[0.167s] -- Detecting C compile features
[0.167s] -- Detecting C compile features - done
[0.169s] -- Detecting CXX compiler ABI info
[0.237s] -- Detecting CXX compiler ABI info - done
[0.243s] -- Check for working CXX compiler: /usr/bin/c++ - skipped
[0.243s] -- Detecting CXX compile features
[0.243s] -- Detecting CXX compile features - done
[0.245s] -- Found ament_cmake: 1.3.14 (/opt/ros/humble/share/ament_cmake/cmake)
[0.509s] -- Found Python3: /usr/bin/python3 (found version "3.10.12") found components: Interpreter 
[0.588s] -- Found ament_lint_auto: 0.12.15 (/opt/ros/humble/share/ament_lint_auto/cmake)
[0.669s] -- Added test 'copyright' to check source files copyright and LICENSE
[0.673s] -- Added test 'flake8' to check Python code syntax and style conventions
[0.674s] -- Added test 'lint_cmake' to check CMake code style
[0.674s] -- Added test 'pep257' to check Python code against some of the docstring style conventions in PEP 257
[0.677s] -- Added test 'xmllint' to check XML markup files
[0.678s] -- Configuring done
[0.680s] -- Generating done
[0.682s] -- Build files have been written to: /home/danish/Downloads/Auto--Agesis-main/build/dbot
[0.686s] Invoked command in '/home/danish/Downloads/Auto--Agesis-main/build/dbot' returned '0': CMAKE_PREFIX_PATH=${CMAKE_PREFIX_PATH}:/home/danish/Downloads/Auto--Agesis-main/install/serial_motor_demo:/home/danish/Downloads/Auto--Agesis-main/install/ros2_streamer:/opt/ros/humble DEBUGINFOD_URLS=https://debuginfod.ubuntu.com /usr/bin/cmake /home/danish/Downloads/Auto--Agesis-main/src/dbot -DCMAKE_INSTALL_PREFIX=/home/danish/Downloads/Auto--Agesis-main/install/dbot
[0.687s] Invoking command in '/home/danish/Downloads/Auto--Agesis-main/build/dbot': CMAKE_PREFIX_PATH=${CMAKE_PREFIX_PATH}:/home/danish/Downloads/Auto--Agesis-main/install/serial_motor_demo:/home/danish/Downloads/Auto--Agesis-main/install/ros2_streamer:/opt/ros/humble DEBUGINFOD_URLS=https://debuginfod.ubuntu.com /usr/bin/cmake --build /home/danish/Downloads/Auto--Agesis-main/build/dbot -- -j12 -l12
[0.720s] Invoked command in '/home/danish/Downloads/Auto--Agesis-main/build/dbot' returned '0': CMAKE_PREFIX_PATH=${CMAKE_PREFIX_PATH}:/home/danish/Downloads/Auto--Agesis-main/install/serial_motor_demo:/home/danish/Downloads/Auto--Agesis-main/install/ros2_streamer:/opt/ros/humble DEBUGINFOD_URLS=https://debuginfod.ubuntu.com /usr/bin/cmake --build /home/danish/Downloads/Auto--Agesis-main/build/dbot -- -j12 -l12
[0.729s] Invoking command in '/home/danish/Downloads/Auto--Agesis-main/build/dbot': CMAKE_PREFIX_PATH=${CMAKE_PREFIX_PATH}:/home/danish/Downloads/Auto--Agesis-main/install/serial_motor_demo:/home/danish/Downloads/Auto--Agesis-main/install/ros2_streamer:/opt/ros/humble DEBUGINFOD_URLS=https://debuginfod.ubuntu.com /usr/bin/cmake --install /home/danish/Downloads/Auto--Agesis-main/build/dbot
[0.735s] -- Install configuration: ""
[0.736s] -- Installing: /home/danish/Downloads/Auto--Agesis-main/install/dbot/share/dbot/config
[0.736s] -- Installing: /home/danish/Downloads/Auto--Agesis-main/install/dbot/share/dbot/config/empty.yaml
[0.736s] -- Installing: /home/danish/Downloads/Auto--Agesis-main/install/dbot/share/dbot/config/joystick.yaml
[0.736s] -- Installing: /home/danish/Downloads/Auto--Agesis-main/install/dbot/share/dbot/config/ball_tracker_params_robot.yaml
[0.736s] -- Installing: /home/danish/Downloads/Auto--Agesis-main/install/dbot/share/dbot/config/mapper_params_online_async.yaml
[0.736s] -- Installing: /home/danish/Downloads/Auto--Agesis-main/install/dbot/share/dbot/config/my_controllers.yaml
[0.736s] -- Installing: /home/danish/Downloads/Auto--Agesis-main/install/dbot/share/dbot/config/view_bot.rviz
[0.736s] -- Installing: /home/danish/Downloads/Auto--Agesis-main/install/dbot/share/dbot/config/ball_tracker_params_sim.yaml
[0.736s] -- Installing: /home/danish/Downloads/Auto--Agesis-main/install/dbot/share/dbot/config/twist_mux.yaml
[0.737s] -- Installing: /home/danish/Downloads/Auto--Agesis-main/install/dbot/share/dbot/config/gaz_ros2_ctl_use_sim.yaml
[0.737s] -- Installing: /home/danish/Downloads/Auto--Agesis-main/install/dbot/share/dbot/config/map.rviz
[0.737s] -- Installing: /home/danish/Downloads/Auto--Agesis-main/install/dbot/share/dbot/config/nav2_params.yaml
[0.737s] -- Installing: /home/danish/Downloads/Auto--Agesis-main/install/dbot/share/dbot/config/drive_bot.rviz
[0.737s] -- Installing: /home/danish/Downloads/Auto--Agesis-main/install/dbot/share/dbot/config/main.rviz
[0.737s] -- Installing: /home/danish/Downloads/Auto--Agesis-main/install/dbot/share/dbot/config/gazebo_params.yaml
[0.737s] -- Installing: /home/danish/Downloads/Auto--Agesis-main/install/dbot/share/dbot/description
[0.737s] -- Installing: /home/danish/Downloads/Auto--Agesis-main/install/dbot/share/dbot/description/camera.xacro
[0.737s] -- Installing: /home/danish/Downloads/Auto--Agesis-main/install/dbot/share/dbot/description/face.xacro
[0.737s] -- Installing: /home/danish/Downloads/Auto--Agesis-main/install/dbot/share/dbot/description/lidar.xacro
[0.738s] -- Installing: /home/danish/Downloads/Auto--Agesis-main/install/dbot/share/dbot/description/inertial_macros.xacro
[0.738s] -- Installing: /home/danish/Downloads/Auto--Agesis-main/install/dbot/share/dbot/description/gazebo_control.xacro
[0.738s] -- Installing: /home/danish/Downloads/Auto--Agesis-main/install/dbot/share/dbot/description/ros2_control.xacro
[0.738s] -- Installing: /home/danish/Downloads/Auto--Agesis-main/install/dbot/share/dbot/description/robot_core.xacro
[0.738s] -- Installing: /home/danish/Downloads/Auto--Agesis-main/install/dbot/share/dbot/description/depth_camera.xacro
[0.738s] -- Installing: /home/danish/Downloads/Auto--Agesis-main/install/dbot/share/dbot/description/robot.urdf.xacro
[0.738s] -- Installing: /home/danish/Downloads/Auto--Agesis-main/install/dbot/share/dbot/launch
[0.738s] -- Installing: /home/danish/Downloads/Auto--Agesis-main/install/dbot/share/dbot/launch/launch_sim.launch.py
[0.738s] -- Installing: /home/danish/Downloads/Auto--Agesis-main/install/dbot/share/dbot/launch/launch_robot.launch.py
[0.738s] -- Installing: /home/danish/Downloads/Auto--Agesis-main/install/dbot/share/dbot/launch/camera.launch.py
[0.739s] -- Installing: /home/danish/Downloads/Auto--Agesis-main/install/dbot/share/dbot/launch/online_async_launch.py
[0.739s] -- Installing: /home/danish/Downloads/Auto--Agesis-main/install/dbot/share/dbot/launch/rsp.launch.py
[0.739s] -- Installing: /home/danish/Downloads/Auto--Agesis-main/install/dbot/share/dbot/launch/Nav2_launch.launch.py
[0.739s] -- Installing: /home/danish/Downloads/Auto--Agesis-main/install/dbot/share/dbot/launch/rplidar.launch.py
[0.739s] -- Installing: /home/danish/Downloads/Auto--Agesis-main/install/dbot/share/dbot/launch/joystick.launch.py
[0.739s] -- Installing: /home/danish/Downloads/Auto--Agesis-main/install/dbot/share/dbot/launch/navigation_launch.py
[0.739s] -- Installing: /home/danish/Downloads/Auto--Agesis-main/install/dbot/share/dbot/launch/ball_tracker.launch.py
[0.739s] -- Installing: /home/danish/Downloads/Auto--Agesis-main/install/dbot/share/dbot/launch/amcl_launch.launch.py
[0.739s] -- Installing: /home/danish/Downloads/Auto--Agesis-main/install/dbot/share/dbot/launch/localization_launch.py
[0.739s] -- Installing: /home/danish/Downloads/Auto--Agesis-main/install/dbot/share/dbot/worlds
[0.740s] -- Installing: /home/danish/Downloads/Auto--Agesis-main/install/dbot/share/dbot/worlds/empty.world
[0.740s] -- Installing: /home/danish/Downloads/Auto--Agesis-main/install/dbot/share/dbot/worlds/obstacles.world
[0.740s] -- Installing: /home/danish/Downloads/Auto--Agesis-main/install/dbot/share/ament_index/resource_index/package_run_dependencies/dbot
[0.740s] -- Installing: /home/danish/Downloads/Auto--Agesis-main/install/dbot/share/ament_index/resource_index/parent_prefix_path/dbot
[0.740s] -- Installing: /home/danish/Downloads/Auto--Agesis-main/install/dbot/share/dbot/environment/ament_prefix_path.sh
[0.740s] -- Installing: /home/danish/Downloads/Auto--Agesis-main/install/dbot/share/dbot/environment/ament_prefix_path.dsv
[0.740s] -- Installing: /home/danish/Downloads/Auto--Agesis-main/install/dbot/share/dbot/environment/path.sh
[0.741s] -- Installing: /home/danish/Downloads/Auto--Agesis-main/install/dbot/share/dbot/environment/path.dsv
[0.741s] -- Installing: /home/danish/Downloads/Auto--Agesis-main/install/dbot/share/dbot/local_setup.bash
[0.741s] -- Installing: /home/danish/Downloads/Auto--Agesis-main/install/dbot/share/dbot/local_setup.sh
[0.741s] -- Installing: /home/danish/Downloads/Auto--Agesis-main/install/dbot/share/dbot/local_setup.zsh
[0.741s] -- Installing: /home/danish/Downloads/Auto--Agesis-main/install/dbot/share/dbot/local_setup.dsv
[0.741s] -- Installing: /home/danish/Downloads/Auto--Agesis-main/install/dbot/share/dbot/package.dsv
[0.741s] -- Installing: /home/danish/Downloads/Auto--Agesis-main/install/dbot/share/ament_index/resource_index/packages/dbot
[0.741s] -- Installing: /home/danish/Downloads/Auto--Agesis-main/install/dbot/share/dbot/cmake/dbotConfig.cmake
[0.742s] -- Installing: /home/danish/Downloads/Auto--Agesis-main/install/dbot/share/dbot/cmake/dbotConfig-version.cmake
[0.742s] -- Installing: /home/danish/Downloads/Auto--Agesis-main/install/dbot/share/dbot/package.xml
[0.744s] Invoked command in '/home/danish/Downloads/Auto--Agesis-main/build/dbot' returned '0': CMAKE_PREFIX_PATH=${CMAKE_PREFIX_PATH}:/home/danish/Downloads/Auto--Agesis-main/install/serial_motor_demo:/home/danish/Downloads/Auto--Agesis-main/install/ros2_streamer:/opt/ros/humble DEBUGINFOD_URLS=https://debuginfod.ubuntu.com /usr/bin/cmake --install /home/danish/Downloads/Auto--Agesis-main/build/dbot
