running egg_info
creating ../../build/ros2_streamer/ros2_streamer.egg-info
writing ../../build/ros2_streamer/ros2_streamer.egg-info/PKG-INFO
writing dependency_links to ../../build/ros2_streamer/ros2_streamer.egg-info/dependency_links.txt
writing entry points to ../../build/ros2_streamer/ros2_streamer.egg-info/entry_points.txt
writing requirements to ../../build/ros2_streamer/ros2_streamer.egg-info/requires.txt
writing top-level names to ../../build/ros2_streamer/ros2_streamer.egg-info/top_level.txt
writing manifest file '../../build/ros2_streamer/ros2_streamer.egg-info/SOURCES.txt'
reading manifest file '../../build/ros2_streamer/ros2_streamer.egg-info/SOURCES.txt'
writing manifest file '../../build/ros2_streamer/ros2_streamer.egg-info/SOURCES.txt'
running build
running build_py
creating /home/danish/Downloads/Auto--Agesis-main/build/ros2_streamer/build
creating /home/danish/Downloads/Auto--Agesis-main/build/ros2_streamer/build/lib
creating /home/danish/Downloads/Auto--Agesis-main/build/ros2_streamer/build/lib/ros2_streamer
copying ros2_streamer/__init__.py -> /home/danish/Downloads/Auto--Agesis-main/build/ros2_streamer/build/lib/ros2_streamer
copying ros2_streamer/ros2_ffmpeg_streamer.py -> /home/danish/Downloads/Auto--Agesis-main/build/ros2_streamer/build/lib/ros2_streamer
running install
running install_lib
creating /home/danish/Downloads/Auto--Agesis-main/install/ros2_streamer/lib/python3.10/site-packages/ros2_streamer
copying /home/danish/Downloads/Auto--Agesis-main/build/ros2_streamer/build/lib/ros2_streamer/__init__.py -> /home/danish/Downloads/Auto--Agesis-main/install/ros2_streamer/lib/python3.10/site-packages/ros2_streamer
copying /home/danish/Downloads/Auto--Agesis-main/build/ros2_streamer/build/lib/ros2_streamer/ros2_ffmpeg_streamer.py -> /home/danish/Downloads/Auto--Agesis-main/install/ros2_streamer/lib/python3.10/site-packages/ros2_streamer
byte-compiling /home/danish/Downloads/Auto--Agesis-main/install/ros2_streamer/lib/python3.10/site-packages/ros2_streamer/__init__.py to __init__.cpython-310.pyc
byte-compiling /home/danish/Downloads/Auto--Agesis-main/install/ros2_streamer/lib/python3.10/site-packages/ros2_streamer/ros2_ffmpeg_streamer.py to ros2_ffmpeg_streamer.cpython-310.pyc
running install_data
creating /home/danish/Downloads/Auto--Agesis-main/install/ros2_streamer/share/ament_index
creating /home/danish/Downloads/Auto--Agesis-main/install/ros2_streamer/share/ament_index/resource_index
creating /home/danish/Downloads/Auto--Agesis-main/install/ros2_streamer/share/ament_index/resource_index/packages
copying resource/ros2_streamer -> /home/danish/Downloads/Auto--Agesis-main/install/ros2_streamer/share/ament_index/resource_index/packages
copying package.xml -> /home/danish/Downloads/Auto--Agesis-main/install/ros2_streamer/share/ros2_streamer
running install_egg_info
Copying ../../build/ros2_streamer/ros2_streamer.egg-info to /home/danish/Downloads/Auto--Agesis-main/install/ros2_streamer/lib/python3.10/site-packages/ros2_streamer-0.0.1-py3.10.egg-info
running install_scripts
Installing ros2_ffmpeg_streamer script to /home/danish/Downloads/Auto--Agesis-main/install/ros2_streamer/lib/ros2_streamer
writing list of installed files to '/home/danish/Downloads/Auto--Agesis-main/build/ros2_streamer/install.log'
