[0.078s] DEBUG:colcon:Command line arguments: ['/usr/bin/colcon', 'build']
[0.078s] DEBUG:colcon:Parsed command line arguments: Namespace(log_base=None, log_level=None, verb_name='build', build_base='build', install_base='install', merge_install=False, symlink_install=False, test_result_base=None, continue_on_error=False, executor='parallel', parallel_workers=12, event_handlers=None, ignore_user_meta=False, metas=['./colcon.meta'], base_paths=['.'], packages_ignore=None, packages_ignore_regex=None, paths=None, packages_up_to=None, packages_up_to_regex=None, packages_above=None, packages_above_and_dependencies=None, packages_above_depth=None, packages_select_by_dep=None, packages_skip_by_dep=None, packages_skip_up_to=None, packages_select_build_failed=False, packages_skip_build_finished=False, packages_select_test_failures=False, packages_skip_test_passed=False, packages_select=None, packages_skip=None, packages_select_regex=None, packages_skip_regex=None, packages_start=None, packages_end=None, allow_overriding=[], cmake_args=None, cmake_target=None, cmake_target_skip_unavailable=False, cmake_clean_cache=False, cmake_clean_first=False, cmake_force_configure=False, ament_cmake_args=None, catkin_cmake_args=None, catkin_skip_building_tests=False, verb_parser=<colcon_defaults.argument_parser.defaults.DefaultArgumentsDecorator object at 0x7b82321249a0>, verb_extension=<colcon_core.verb.build.BuildVerb object at 0x7b8232124430>, main=<bound method BuildVerb.main of <colcon_core.verb.build.BuildVerb object at 0x7b8232124430>>)
[0.105s] Level 1:colcon.colcon_core.package_discovery:discover_packages(colcon_meta) check parameters
[0.106s] Level 1:colcon.colcon_core.package_discovery:discover_packages(recursive) check parameters
[0.106s] Level 1:colcon.colcon_core.package_discovery:discover_packages(ignore) check parameters
[0.106s] Level 1:colcon.colcon_core.package_discovery:discover_packages(path) check parameters
[0.106s] Level 1:colcon.colcon_core.package_discovery:discover_packages(colcon_meta) discover
[0.106s] Level 1:colcon.colcon_core.package_discovery:discover_packages(recursive) discover
[0.106s] INFO:colcon.colcon_core.package_discovery:Crawling recursively for packages in '/home/danish/Downloads/Auto--Agesis-main'
[0.106s] Level 1:colcon.colcon_core.package_identification:_identify(.) by extensions ['ignore', 'ignore_ament_install']
[0.106s] Level 1:colcon.colcon_core.package_identification:_identify(.) by extension 'ignore'
[0.106s] Level 1:colcon.colcon_core.package_identification:_identify(.) by extension 'ignore_ament_install'
[0.106s] Level 1:colcon.colcon_core.package_identification:_identify(.) by extensions ['colcon_pkg']
[0.106s] Level 1:colcon.colcon_core.package_identification:_identify(.) by extension 'colcon_pkg'
[0.106s] Level 1:colcon.colcon_core.package_identification:_identify(.) by extensions ['colcon_meta']
[0.106s] Level 1:colcon.colcon_core.package_identification:_identify(.) by extension 'colcon_meta'
[0.106s] Level 1:colcon.colcon_core.package_identification:_identify(.) by extensions ['ros']
[0.106s] Level 1:colcon.colcon_core.package_identification:_identify(.) by extension 'ros'
[0.124s] Level 1:colcon.colcon_core.package_identification:_identify(.) by extensions ['cmake', 'python']
[0.124s] Level 1:colcon.colcon_core.package_identification:_identify(.) by extension 'cmake'
[0.124s] Level 1:colcon.colcon_core.package_identification:_identify(.) by extension 'python'
[0.124s] Level 1:colcon.colcon_core.package_identification:_identify(.) by extensions ['python_setup_py']
[0.124s] Level 1:colcon.colcon_core.package_identification:_identify(.) by extension 'python_setup_py'
[0.124s] Level 1:colcon.colcon_core.package_identification:_identify(build) by extensions ['ignore', 'ignore_ament_install']
[0.124s] Level 1:colcon.colcon_core.package_identification:_identify(build) by extension 'ignore'
[0.125s] Level 1:colcon.colcon_core.package_identification:_identify(build) ignored
[0.125s] Level 1:colcon.colcon_core.package_identification:_identify(dbot_bridge) by extensions ['ignore', 'ignore_ament_install']
[0.125s] Level 1:colcon.colcon_core.package_identification:_identify(dbot_bridge) by extension 'ignore'
[0.125s] Level 1:colcon.colcon_core.package_identification:_identify(dbot_bridge) by extension 'ignore_ament_install'
[0.125s] Level 1:colcon.colcon_core.package_identification:_identify(dbot_bridge) by extensions ['colcon_pkg']
[0.125s] Level 1:colcon.colcon_core.package_identification:_identify(dbot_bridge) by extension 'colcon_pkg'
[0.125s] Level 1:colcon.colcon_core.package_identification:_identify(dbot_bridge) by extensions ['colcon_meta']
[0.125s] Level 1:colcon.colcon_core.package_identification:_identify(dbot_bridge) by extension 'colcon_meta'
[0.125s] Level 1:colcon.colcon_core.package_identification:_identify(dbot_bridge) by extensions ['ros']
[0.125s] Level 1:colcon.colcon_core.package_identification:_identify(dbot_bridge) by extension 'ros'
[0.125s] Level 1:colcon.colcon_core.package_identification:_identify(dbot_bridge) by extensions ['cmake', 'python']
[0.125s] Level 1:colcon.colcon_core.package_identification:_identify(dbot_bridge) by extension 'cmake'
[0.125s] Level 1:colcon.colcon_core.package_identification:_identify(dbot_bridge) by extension 'python'
[0.125s] Level 1:colcon.colcon_core.package_identification:_identify(dbot_bridge) by extensions ['python_setup_py']
[0.125s] Level 1:colcon.colcon_core.package_identification:_identify(dbot_bridge) by extension 'python_setup_py'
[0.125s] Level 1:colcon.colcon_core.package_identification:_identify(dbot_env) by extensions ['ignore', 'ignore_ament_install']
[0.125s] Level 1:colcon.colcon_core.package_identification:_identify(dbot_env) by extension 'ignore'
[0.125s] Level 1:colcon.colcon_core.package_identification:_identify(dbot_env) by extension 'ignore_ament_install'
[0.125s] Level 1:colcon.colcon_core.package_identification:_identify(dbot_env) by extensions ['colcon_pkg']
[0.125s] Level 1:colcon.colcon_core.package_identification:_identify(dbot_env) by extension 'colcon_pkg'
[0.125s] Level 1:colcon.colcon_core.package_identification:_identify(dbot_env) by extensions ['colcon_meta']
[0.125s] Level 1:colcon.colcon_core.package_identification:_identify(dbot_env) by extension 'colcon_meta'
[0.125s] Level 1:colcon.colcon_core.package_identification:_identify(dbot_env) by extensions ['ros']
[0.125s] Level 1:colcon.colcon_core.package_identification:_identify(dbot_env) by extension 'ros'
[0.125s] Level 1:colcon.colcon_core.package_identification:_identify(dbot_env) by extensions ['cmake', 'python']
[0.126s] Level 1:colcon.colcon_core.package_identification:_identify(dbot_env) by extension 'cmake'
[0.126s] Level 1:colcon.colcon_core.package_identification:_identify(dbot_env) by extension 'python'
[0.126s] Level 1:colcon.colcon_core.package_identification:_identify(dbot_env) by extensions ['python_setup_py']
[0.126s] Level 1:colcon.colcon_core.package_identification:_identify(dbot_env) by extension 'python_setup_py'
[0.126s] Level 1:colcon.colcon_core.package_identification:_identify(dbot_env/Video_dataset) by extensions ['ignore', 'ignore_ament_install']
[0.126s] Level 1:colcon.colcon_core.package_identification:_identify(dbot_env/Video_dataset) by extension 'ignore'
[0.126s] Level 1:colcon.colcon_core.package_identification:_identify(dbot_env/Video_dataset) by extension 'ignore_ament_install'
[0.126s] Level 1:colcon.colcon_core.package_identification:_identify(dbot_env/Video_dataset) by extensions ['colcon_pkg']
[0.126s] Level 1:colcon.colcon_core.package_identification:_identify(dbot_env/Video_dataset) by extension 'colcon_pkg'
[0.126s] Level 1:colcon.colcon_core.package_identification:_identify(dbot_env/Video_dataset) by extensions ['colcon_meta']
[0.126s] Level 1:colcon.colcon_core.package_identification:_identify(dbot_env/Video_dataset) by extension 'colcon_meta'
[0.126s] Level 1:colcon.colcon_core.package_identification:_identify(dbot_env/Video_dataset) by extensions ['ros']
[0.126s] Level 1:colcon.colcon_core.package_identification:_identify(dbot_env/Video_dataset) by extension 'ros'
[0.126s] Level 1:colcon.colcon_core.package_identification:_identify(dbot_env/Video_dataset) by extensions ['cmake', 'python']
[0.126s] Level 1:colcon.colcon_core.package_identification:_identify(dbot_env/Video_dataset) by extension 'cmake'
[0.126s] Level 1:colcon.colcon_core.package_identification:_identify(dbot_env/Video_dataset) by extension 'python'
[0.126s] Level 1:colcon.colcon_core.package_identification:_identify(dbot_env/Video_dataset) by extensions ['python_setup_py']
[0.126s] Level 1:colcon.colcon_core.package_identification:_identify(dbot_env/Video_dataset) by extension 'python_setup_py'
[0.126s] Level 1:colcon.colcon_core.package_identification:_identify(dbot_env/Video_dataset/selva) by extensions ['ignore', 'ignore_ament_install']
[0.126s] Level 1:colcon.colcon_core.package_identification:_identify(dbot_env/Video_dataset/selva) by extension 'ignore'
[0.126s] Level 1:colcon.colcon_core.package_identification:_identify(dbot_env/Video_dataset/selva) by extension 'ignore_ament_install'
[0.126s] Level 1:colcon.colcon_core.package_identification:_identify(dbot_env/Video_dataset/selva) by extensions ['colcon_pkg']
[0.126s] Level 1:colcon.colcon_core.package_identification:_identify(dbot_env/Video_dataset/selva) by extension 'colcon_pkg'
[0.126s] Level 1:colcon.colcon_core.package_identification:_identify(dbot_env/Video_dataset/selva) by extensions ['colcon_meta']
[0.126s] Level 1:colcon.colcon_core.package_identification:_identify(dbot_env/Video_dataset/selva) by extension 'colcon_meta'
[0.126s] Level 1:colcon.colcon_core.package_identification:_identify(dbot_env/Video_dataset/selva) by extensions ['ros']
[0.126s] Level 1:colcon.colcon_core.package_identification:_identify(dbot_env/Video_dataset/selva) by extension 'ros'
[0.127s] Level 1:colcon.colcon_core.package_identification:_identify(dbot_env/Video_dataset/selva) by extensions ['cmake', 'python']
[0.127s] Level 1:colcon.colcon_core.package_identification:_identify(dbot_env/Video_dataset/selva) by extension 'cmake'
[0.127s] Level 1:colcon.colcon_core.package_identification:_identify(dbot_env/Video_dataset/selva) by extension 'python'
[0.127s] Level 1:colcon.colcon_core.package_identification:_identify(dbot_env/Video_dataset/selva) by extensions ['python_setup_py']
[0.127s] Level 1:colcon.colcon_core.package_identification:_identify(dbot_env/Video_dataset/selva) by extension 'python_setup_py'
[0.127s] Level 1:colcon.colcon_core.package_identification:_identify(dbot_env/dataset) by extensions ['ignore', 'ignore_ament_install']
[0.127s] Level 1:colcon.colcon_core.package_identification:_identify(dbot_env/dataset) by extension 'ignore'
[0.127s] Level 1:colcon.colcon_core.package_identification:_identify(dbot_env/dataset) by extension 'ignore_ament_install'
[0.127s] Level 1:colcon.colcon_core.package_identification:_identify(dbot_env/dataset) by extensions ['colcon_pkg']
[0.127s] Level 1:colcon.colcon_core.package_identification:_identify(dbot_env/dataset) by extension 'colcon_pkg'
[0.127s] Level 1:colcon.colcon_core.package_identification:_identify(dbot_env/dataset) by extensions ['colcon_meta']
[0.127s] Level 1:colcon.colcon_core.package_identification:_identify(dbot_env/dataset) by extension 'colcon_meta'
[0.127s] Level 1:colcon.colcon_core.package_identification:_identify(dbot_env/dataset) by extensions ['ros']
[0.127s] Level 1:colcon.colcon_core.package_identification:_identify(dbot_env/dataset) by extension 'ros'
[0.127s] Level 1:colcon.colcon_core.package_identification:_identify(dbot_env/dataset) by extensions ['cmake', 'python']
[0.127s] Level 1:colcon.colcon_core.package_identification:_identify(dbot_env/dataset) by extension 'cmake'
[0.127s] Level 1:colcon.colcon_core.package_identification:_identify(dbot_env/dataset) by extension 'python'
[0.127s] Level 1:colcon.colcon_core.package_identification:_identify(dbot_env/dataset) by extensions ['python_setup_py']
[0.127s] Level 1:colcon.colcon_core.package_identification:_identify(dbot_env/dataset) by extension 'python_setup_py'
[0.127s] Level 1:colcon.colcon_core.package_identification:_identify(dbot_env/dataset/muhil) by extensions ['ignore', 'ignore_ament_install']
[0.127s] Level 1:colcon.colcon_core.package_identification:_identify(dbot_env/dataset/muhil) by extension 'ignore'
[0.127s] Level 1:colcon.colcon_core.package_identification:_identify(dbot_env/dataset/muhil) by extension 'ignore_ament_install'
[0.127s] Level 1:colcon.colcon_core.package_identification:_identify(dbot_env/dataset/muhil) by extensions ['colcon_pkg']
[0.127s] Level 1:colcon.colcon_core.package_identification:_identify(dbot_env/dataset/muhil) by extension 'colcon_pkg'
[0.127s] Level 1:colcon.colcon_core.package_identification:_identify(dbot_env/dataset/muhil) by extensions ['colcon_meta']
[0.127s] Level 1:colcon.colcon_core.package_identification:_identify(dbot_env/dataset/muhil) by extension 'colcon_meta'
[0.127s] Level 1:colcon.colcon_core.package_identification:_identify(dbot_env/dataset/muhil) by extensions ['ros']
[0.127s] Level 1:colcon.colcon_core.package_identification:_identify(dbot_env/dataset/muhil) by extension 'ros'
[0.127s] Level 1:colcon.colcon_core.package_identification:_identify(dbot_env/dataset/muhil) by extensions ['cmake', 'python']
[0.128s] Level 1:colcon.colcon_core.package_identification:_identify(dbot_env/dataset/muhil) by extension 'cmake'
[0.128s] Level 1:colcon.colcon_core.package_identification:_identify(dbot_env/dataset/muhil) by extension 'python'
[0.128s] Level 1:colcon.colcon_core.package_identification:_identify(dbot_env/dataset/muhil) by extensions ['python_setup_py']
[0.128s] Level 1:colcon.colcon_core.package_identification:_identify(dbot_env/dataset/muhil) by extension 'python_setup_py'
[0.128s] Level 1:colcon.colcon_core.package_identification:_identify(dbot_env/dataset/priya) by extensions ['ignore', 'ignore_ament_install']
[0.128s] Level 1:colcon.colcon_core.package_identification:_identify(dbot_env/dataset/priya) by extension 'ignore'
[0.128s] Level 1:colcon.colcon_core.package_identification:_identify(dbot_env/dataset/priya) by extension 'ignore_ament_install'
[0.128s] Level 1:colcon.colcon_core.package_identification:_identify(dbot_env/dataset/priya) by extensions ['colcon_pkg']
[0.128s] Level 1:colcon.colcon_core.package_identification:_identify(dbot_env/dataset/priya) by extension 'colcon_pkg'
[0.128s] Level 1:colcon.colcon_core.package_identification:_identify(dbot_env/dataset/priya) by extensions ['colcon_meta']
[0.128s] Level 1:colcon.colcon_core.package_identification:_identify(dbot_env/dataset/priya) by extension 'colcon_meta'
[0.128s] Level 1:colcon.colcon_core.package_identification:_identify(dbot_env/dataset/priya) by extensions ['ros']
[0.128s] Level 1:colcon.colcon_core.package_identification:_identify(dbot_env/dataset/priya) by extension 'ros'
[0.128s] Level 1:colcon.colcon_core.package_identification:_identify(dbot_env/dataset/priya) by extensions ['cmake', 'python']
[0.128s] Level 1:colcon.colcon_core.package_identification:_identify(dbot_env/dataset/priya) by extension 'cmake'
[0.128s] Level 1:colcon.colcon_core.package_identification:_identify(dbot_env/dataset/priya) by extension 'python'
[0.128s] Level 1:colcon.colcon_core.package_identification:_identify(dbot_env/dataset/priya) by extensions ['python_setup_py']
[0.128s] Level 1:colcon.colcon_core.package_identification:_identify(dbot_env/dataset/priya) by extension 'python_setup_py'
[0.128s] Level 1:colcon.colcon_core.package_identification:_identify(dbot_env/dataset/sanjay) by extensions ['ignore', 'ignore_ament_install']
[0.128s] Level 1:colcon.colcon_core.package_identification:_identify(dbot_env/dataset/sanjay) by extension 'ignore'
[0.128s] Level 1:colcon.colcon_core.package_identification:_identify(dbot_env/dataset/sanjay) by extension 'ignore_ament_install'
[0.128s] Level 1:colcon.colcon_core.package_identification:_identify(dbot_env/dataset/sanjay) by extensions ['colcon_pkg']
[0.128s] Level 1:colcon.colcon_core.package_identification:_identify(dbot_env/dataset/sanjay) by extension 'colcon_pkg'
[0.128s] Level 1:colcon.colcon_core.package_identification:_identify(dbot_env/dataset/sanjay) by extensions ['colcon_meta']
[0.128s] Level 1:colcon.colcon_core.package_identification:_identify(dbot_env/dataset/sanjay) by extension 'colcon_meta'
[0.128s] Level 1:colcon.colcon_core.package_identification:_identify(dbot_env/dataset/sanjay) by extensions ['ros']
[0.128s] Level 1:colcon.colcon_core.package_identification:_identify(dbot_env/dataset/sanjay) by extension 'ros'
[0.128s] Level 1:colcon.colcon_core.package_identification:_identify(dbot_env/dataset/sanjay) by extensions ['cmake', 'python']
[0.129s] Level 1:colcon.colcon_core.package_identification:_identify(dbot_env/dataset/sanjay) by extension 'cmake'
[0.129s] Level 1:colcon.colcon_core.package_identification:_identify(dbot_env/dataset/sanjay) by extension 'python'
[0.129s] Level 1:colcon.colcon_core.package_identification:_identify(dbot_env/dataset/sanjay) by extensions ['python_setup_py']
[0.129s] Level 1:colcon.colcon_core.package_identification:_identify(dbot_env/dataset/sanjay) by extension 'python_setup_py'
[0.129s] Level 1:colcon.colcon_core.package_identification:_identify(dbot_env/dataset/selva) by extensions ['ignore', 'ignore_ament_install']
[0.129s] Level 1:colcon.colcon_core.package_identification:_identify(dbot_env/dataset/selva) by extension 'ignore'
[0.129s] Level 1:colcon.colcon_core.package_identification:_identify(dbot_env/dataset/selva) by extension 'ignore_ament_install'
[0.129s] Level 1:colcon.colcon_core.package_identification:_identify(dbot_env/dataset/selva) by extensions ['colcon_pkg']
[0.129s] Level 1:colcon.colcon_core.package_identification:_identify(dbot_env/dataset/selva) by extension 'colcon_pkg'
[0.129s] Level 1:colcon.colcon_core.package_identification:_identify(dbot_env/dataset/selva) by extensions ['colcon_meta']
[0.129s] Level 1:colcon.colcon_core.package_identification:_identify(dbot_env/dataset/selva) by extension 'colcon_meta'
[0.129s] Level 1:colcon.colcon_core.package_identification:_identify(dbot_env/dataset/selva) by extensions ['ros']
[0.129s] Level 1:colcon.colcon_core.package_identification:_identify(dbot_env/dataset/selva) by extension 'ros'
[0.129s] Level 1:colcon.colcon_core.package_identification:_identify(dbot_env/dataset/selva) by extensions ['cmake', 'python']
[0.129s] Level 1:colcon.colcon_core.package_identification:_identify(dbot_env/dataset/selva) by extension 'cmake'
[0.129s] Level 1:colcon.colcon_core.package_identification:_identify(dbot_env/dataset/selva) by extension 'python'
[0.129s] Level 1:colcon.colcon_core.package_identification:_identify(dbot_env/dataset/selva) by extensions ['python_setup_py']
[0.129s] Level 1:colcon.colcon_core.package_identification:_identify(dbot_env/dataset/selva) by extension 'python_setup_py'
[0.129s] Level 1:colcon.colcon_core.package_identification:_identify(dbot_env/dataset/videos) by extensions ['ignore', 'ignore_ament_install']
[0.129s] Level 1:colcon.colcon_core.package_identification:_identify(dbot_env/dataset/videos) by extension 'ignore'
[0.129s] Level 1:colcon.colcon_core.package_identification:_identify(dbot_env/dataset/videos) by extension 'ignore_ament_install'
[0.129s] Level 1:colcon.colcon_core.package_identification:_identify(dbot_env/dataset/videos) by extensions ['colcon_pkg']
[0.129s] Level 1:colcon.colcon_core.package_identification:_identify(dbot_env/dataset/videos) by extension 'colcon_pkg'
[0.129s] Level 1:colcon.colcon_core.package_identification:_identify(dbot_env/dataset/videos) by extensions ['colcon_meta']
[0.129s] Level 1:colcon.colcon_core.package_identification:_identify(dbot_env/dataset/videos) by extension 'colcon_meta'
[0.129s] Level 1:colcon.colcon_core.package_identification:_identify(dbot_env/dataset/videos) by extensions ['ros']
[0.129s] Level 1:colcon.colcon_core.package_identification:_identify(dbot_env/dataset/videos) by extension 'ros'
[0.129s] Level 1:colcon.colcon_core.package_identification:_identify(dbot_env/dataset/videos) by extensions ['cmake', 'python']
[0.129s] Level 1:colcon.colcon_core.package_identification:_identify(dbot_env/dataset/videos) by extension 'cmake'
[0.130s] Level 1:colcon.colcon_core.package_identification:_identify(dbot_env/dataset/videos) by extension 'python'
[0.130s] Level 1:colcon.colcon_core.package_identification:_identify(dbot_env/dataset/videos) by extensions ['python_setup_py']
[0.130s] Level 1:colcon.colcon_core.package_identification:_identify(dbot_env/dataset/videos) by extension 'python_setup_py'
[0.130s] Level 1:colcon.colcon_core.package_identification:_identify(dbot_env/dataset/videos/Selva) by extensions ['ignore', 'ignore_ament_install']
[0.130s] Level 1:colcon.colcon_core.package_identification:_identify(dbot_env/dataset/videos/Selva) by extension 'ignore'
[0.130s] Level 1:colcon.colcon_core.package_identification:_identify(dbot_env/dataset/videos/Selva) by extension 'ignore_ament_install'
[0.130s] Level 1:colcon.colcon_core.package_identification:_identify(dbot_env/dataset/videos/Selva) by extensions ['colcon_pkg']
[0.130s] Level 1:colcon.colcon_core.package_identification:_identify(dbot_env/dataset/videos/Selva) by extension 'colcon_pkg'
[0.130s] Level 1:colcon.colcon_core.package_identification:_identify(dbot_env/dataset/videos/Selva) by extensions ['colcon_meta']
[0.130s] Level 1:colcon.colcon_core.package_identification:_identify(dbot_env/dataset/videos/Selva) by extension 'colcon_meta'
[0.130s] Level 1:colcon.colcon_core.package_identification:_identify(dbot_env/dataset/videos/Selva) by extensions ['ros']
[0.130s] Level 1:colcon.colcon_core.package_identification:_identify(dbot_env/dataset/videos/Selva) by extension 'ros'
[0.130s] Level 1:colcon.colcon_core.package_identification:_identify(dbot_env/dataset/videos/Selva) by extensions ['cmake', 'python']
[0.130s] Level 1:colcon.colcon_core.package_identification:_identify(dbot_env/dataset/videos/Selva) by extension 'cmake'
[0.130s] Level 1:colcon.colcon_core.package_identification:_identify(dbot_env/dataset/videos/Selva) by extension 'python'
[0.130s] Level 1:colcon.colcon_core.package_identification:_identify(dbot_env/dataset/videos/Selva) by extensions ['python_setup_py']
[0.130s] Level 1:colcon.colcon_core.package_identification:_identify(dbot_env/dataset/videos/Selva) by extension 'python_setup_py'
[0.130s] Level 1:colcon.colcon_core.package_identification:_identify(dbot_env/models) by extensions ['ignore', 'ignore_ament_install']
[0.130s] Level 1:colcon.colcon_core.package_identification:_identify(dbot_env/models) by extension 'ignore'
[0.130s] Level 1:colcon.colcon_core.package_identification:_identify(dbot_env/models) by extension 'ignore_ament_install'
[0.130s] Level 1:colcon.colcon_core.package_identification:_identify(dbot_env/models) by extensions ['colcon_pkg']
[0.130s] Level 1:colcon.colcon_core.package_identification:_identify(dbot_env/models) by extension 'colcon_pkg'
[0.130s] Level 1:colcon.colcon_core.package_identification:_identify(dbot_env/models) by extensions ['colcon_meta']
[0.130s] Level 1:colcon.colcon_core.package_identification:_identify(dbot_env/models) by extension 'colcon_meta'
[0.130s] Level 1:colcon.colcon_core.package_identification:_identify(dbot_env/models) by extensions ['ros']
[0.130s] Level 1:colcon.colcon_core.package_identification:_identify(dbot_env/models) by extension 'ros'
[0.130s] Level 1:colcon.colcon_core.package_identification:_identify(dbot_env/models) by extensions ['cmake', 'python']
[0.130s] Level 1:colcon.colcon_core.package_identification:_identify(dbot_env/models) by extension 'cmake'
[0.130s] Level 1:colcon.colcon_core.package_identification:_identify(dbot_env/models) by extension 'python'
[0.131s] Level 1:colcon.colcon_core.package_identification:_identify(dbot_env/models) by extensions ['python_setup_py']
[0.131s] Level 1:colcon.colcon_core.package_identification:_identify(dbot_env/models) by extension 'python_setup_py'
[0.131s] Level 1:colcon.colcon_core.package_identification:_identify(dbot_env/yolov8n_saved_model) by extensions ['ignore', 'ignore_ament_install']
[0.131s] Level 1:colcon.colcon_core.package_identification:_identify(dbot_env/yolov8n_saved_model) by extension 'ignore'
[0.131s] Level 1:colcon.colcon_core.package_identification:_identify(dbot_env/yolov8n_saved_model) by extension 'ignore_ament_install'
[0.131s] Level 1:colcon.colcon_core.package_identification:_identify(dbot_env/yolov8n_saved_model) by extensions ['colcon_pkg']
[0.131s] Level 1:colcon.colcon_core.package_identification:_identify(dbot_env/yolov8n_saved_model) by extension 'colcon_pkg'
[0.131s] Level 1:colcon.colcon_core.package_identification:_identify(dbot_env/yolov8n_saved_model) by extensions ['colcon_meta']
[0.131s] Level 1:colcon.colcon_core.package_identification:_identify(dbot_env/yolov8n_saved_model) by extension 'colcon_meta'
[0.131s] Level 1:colcon.colcon_core.package_identification:_identify(dbot_env/yolov8n_saved_model) by extensions ['ros']
[0.131s] Level 1:colcon.colcon_core.package_identification:_identify(dbot_env/yolov8n_saved_model) by extension 'ros'
[0.131s] Level 1:colcon.colcon_core.package_identification:_identify(dbot_env/yolov8n_saved_model) by extensions ['cmake', 'python']
[0.131s] Level 1:colcon.colcon_core.package_identification:_identify(dbot_env/yolov8n_saved_model) by extension 'cmake'
[0.131s] Level 1:colcon.colcon_core.package_identification:_identify(dbot_env/yolov8n_saved_model) by extension 'python'
[0.131s] Level 1:colcon.colcon_core.package_identification:_identify(dbot_env/yolov8n_saved_model) by extensions ['python_setup_py']
[0.131s] Level 1:colcon.colcon_core.package_identification:_identify(dbot_env/yolov8n_saved_model) by extension 'python_setup_py'
[0.131s] Level 1:colcon.colcon_core.package_identification:_identify(dbot_env/yolov8n_saved_model/variables) by extensions ['ignore', 'ignore_ament_install']
[0.131s] Level 1:colcon.colcon_core.package_identification:_identify(dbot_env/yolov8n_saved_model/variables) by extension 'ignore'
[0.131s] Level 1:colcon.colcon_core.package_identification:_identify(dbot_env/yolov8n_saved_model/variables) by extension 'ignore_ament_install'
[0.131s] Level 1:colcon.colcon_core.package_identification:_identify(dbot_env/yolov8n_saved_model/variables) by extensions ['colcon_pkg']
[0.131s] Level 1:colcon.colcon_core.package_identification:_identify(dbot_env/yolov8n_saved_model/variables) by extension 'colcon_pkg'
[0.131s] Level 1:colcon.colcon_core.package_identification:_identify(dbot_env/yolov8n_saved_model/variables) by extensions ['colcon_meta']
[0.131s] Level 1:colcon.colcon_core.package_identification:_identify(dbot_env/yolov8n_saved_model/variables) by extension 'colcon_meta'
[0.131s] Level 1:colcon.colcon_core.package_identification:_identify(dbot_env/yolov8n_saved_model/variables) by extensions ['ros']
[0.131s] Level 1:colcon.colcon_core.package_identification:_identify(dbot_env/yolov8n_saved_model/variables) by extension 'ros'
[0.131s] Level 1:colcon.colcon_core.package_identification:_identify(dbot_env/yolov8n_saved_model/variables) by extensions ['cmake', 'python']
[0.131s] Level 1:colcon.colcon_core.package_identification:_identify(dbot_env/yolov8n_saved_model/variables) by extension 'cmake'
[0.131s] Level 1:colcon.colcon_core.package_identification:_identify(dbot_env/yolov8n_saved_model/variables) by extension 'python'
[0.132s] Level 1:colcon.colcon_core.package_identification:_identify(dbot_env/yolov8n_saved_model/variables) by extensions ['python_setup_py']
[0.132s] Level 1:colcon.colcon_core.package_identification:_identify(dbot_env/yolov8n_saved_model/variables) by extension 'python_setup_py'
[0.132s] Level 1:colcon.colcon_core.package_identification:_identify(install) by extensions ['ignore', 'ignore_ament_install']
[0.132s] Level 1:colcon.colcon_core.package_identification:_identify(install) by extension 'ignore'
[0.132s] Level 1:colcon.colcon_core.package_identification:_identify(install) ignored
[0.132s] Level 1:colcon.colcon_core.package_identification:_identify(log) by extensions ['ignore', 'ignore_ament_install']
[0.132s] Level 1:colcon.colcon_core.package_identification:_identify(log) by extension 'ignore'
[0.132s] Level 1:colcon.colcon_core.package_identification:_identify(log) ignored
[0.132s] Level 1:colcon.colcon_core.package_identification:_identify(src) by extensions ['ignore', 'ignore_ament_install']
[0.132s] Level 1:colcon.colcon_core.package_identification:_identify(src) by extension 'ignore'
[0.132s] Level 1:colcon.colcon_core.package_identification:_identify(src) by extension 'ignore_ament_install'
[0.132s] Level 1:colcon.colcon_core.package_identification:_identify(src) by extensions ['colcon_pkg']
[0.132s] Level 1:colcon.colcon_core.package_identification:_identify(src) by extension 'colcon_pkg'
[0.132s] Level 1:colcon.colcon_core.package_identification:_identify(src) by extensions ['colcon_meta']
[0.132s] Level 1:colcon.colcon_core.package_identification:_identify(src) by extension 'colcon_meta'
[0.132s] Level 1:colcon.colcon_core.package_identification:_identify(src) by extensions ['ros']
[0.132s] Level 1:colcon.colcon_core.package_identification:_identify(src) by extension 'ros'
[0.132s] Level 1:colcon.colcon_core.package_identification:_identify(src) by extensions ['cmake', 'python']
[0.132s] Level 1:colcon.colcon_core.package_identification:_identify(src) by extension 'cmake'
[0.132s] Level 1:colcon.colcon_core.package_identification:_identify(src) by extension 'python'
[0.132s] Level 1:colcon.colcon_core.package_identification:_identify(src) by extensions ['python_setup_py']
[0.132s] Level 1:colcon.colcon_core.package_identification:_identify(src) by extension 'python_setup_py'
[0.132s] Level 1:colcon.colcon_core.package_identification:_identify(src/dbot) by extensions ['ignore', 'ignore_ament_install']
[0.133s] Level 1:colcon.colcon_core.package_identification:_identify(src/dbot) by extension 'ignore'
[0.133s] Level 1:colcon.colcon_core.package_identification:_identify(src/dbot) by extension 'ignore_ament_install'
[0.133s] Level 1:colcon.colcon_core.package_identification:_identify(src/dbot) by extensions ['colcon_pkg']
[0.133s] Level 1:colcon.colcon_core.package_identification:_identify(src/dbot) by extension 'colcon_pkg'
[0.133s] Level 1:colcon.colcon_core.package_identification:_identify(src/dbot) by extensions ['colcon_meta']
[0.133s] Level 1:colcon.colcon_core.package_identification:_identify(src/dbot) by extension 'colcon_meta'
[0.133s] Level 1:colcon.colcon_core.package_identification:_identify(src/dbot) by extensions ['ros']
[0.133s] Level 1:colcon.colcon_core.package_identification:_identify(src/dbot) by extension 'ros'
[0.135s] DEBUG:colcon.colcon_core.package_identification:Package 'src/dbot' with type 'ros.ament_cmake' and name 'dbot'
[0.135s] Level 1:colcon.colcon_core.package_identification:_identify(src/ros2_streamer) by extensions ['ignore', 'ignore_ament_install']
[0.135s] Level 1:colcon.colcon_core.package_identification:_identify(src/ros2_streamer) by extension 'ignore'
[0.135s] Level 1:colcon.colcon_core.package_identification:_identify(src/ros2_streamer) by extension 'ignore_ament_install'
[0.135s] Level 1:colcon.colcon_core.package_identification:_identify(src/ros2_streamer) by extensions ['colcon_pkg']
[0.135s] Level 1:colcon.colcon_core.package_identification:_identify(src/ros2_streamer) by extension 'colcon_pkg'
[0.135s] Level 1:colcon.colcon_core.package_identification:_identify(src/ros2_streamer) by extensions ['colcon_meta']
[0.135s] Level 1:colcon.colcon_core.package_identification:_identify(src/ros2_streamer) by extension 'colcon_meta'
[0.135s] Level 1:colcon.colcon_core.package_identification:_identify(src/ros2_streamer) by extensions ['ros']
[0.135s] Level 1:colcon.colcon_core.package_identification:_identify(src/ros2_streamer) by extension 'ros'
[0.135s] DEBUG:colcon.colcon_core.package_identification:Package 'src/ros2_streamer' with type 'ros.ament_python' and name 'ros2_streamer'
[0.136s] Level 1:colcon.colcon_core.package_identification:_identify(src/ros_arduino_bridge) by extensions ['ignore', 'ignore_ament_install']
[0.136s] Level 1:colcon.colcon_core.package_identification:_identify(src/ros_arduino_bridge) by extension 'ignore'
[0.136s] Level 1:colcon.colcon_core.package_identification:_identify(src/ros_arduino_bridge) by extension 'ignore_ament_install'
[0.136s] Level 1:colcon.colcon_core.package_identification:_identify(src/ros_arduino_bridge) by extensions ['colcon_pkg']
[0.136s] Level 1:colcon.colcon_core.package_identification:_identify(src/ros_arduino_bridge) by extension 'colcon_pkg'
[0.136s] Level 1:colcon.colcon_core.package_identification:_identify(src/ros_arduino_bridge) by extensions ['colcon_meta']
[0.136s] Level 1:colcon.colcon_core.package_identification:_identify(src/ros_arduino_bridge) by extension 'colcon_meta'
[0.136s] Level 1:colcon.colcon_core.package_identification:_identify(src/ros_arduino_bridge) by extensions ['ros']
[0.136s] Level 1:colcon.colcon_core.package_identification:_identify(src/ros_arduino_bridge) by extension 'ros'
[0.136s] Level 1:colcon.colcon_core.package_identification:_identify(src/ros_arduino_bridge) by extensions ['cmake', 'python']
[0.136s] Level 1:colcon.colcon_core.package_identification:_identify(src/ros_arduino_bridge) by extension 'cmake'
[0.136s] Level 1:colcon.colcon_core.package_identification:_identify(src/ros_arduino_bridge) by extension 'python'
[0.136s] Level 1:colcon.colcon_core.package_identification:_identify(src/ros_arduino_bridge) by extensions ['python_setup_py']
[0.136s] Level 1:colcon.colcon_core.package_identification:_identify(src/ros_arduino_bridge) by extension 'python_setup_py'
[0.136s] Level 1:colcon.colcon_core.package_identification:_identify(src/ros_arduino_bridge/ROSArduinoBridge) by extensions ['ignore', 'ignore_ament_install']
[0.136s] Level 1:colcon.colcon_core.package_identification:_identify(src/ros_arduino_bridge/ROSArduinoBridge) by extension 'ignore'
[0.136s] Level 1:colcon.colcon_core.package_identification:_identify(src/ros_arduino_bridge/ROSArduinoBridge) by extension 'ignore_ament_install'
[0.136s] Level 1:colcon.colcon_core.package_identification:_identify(src/ros_arduino_bridge/ROSArduinoBridge) by extensions ['colcon_pkg']
[0.136s] Level 1:colcon.colcon_core.package_identification:_identify(src/ros_arduino_bridge/ROSArduinoBridge) by extension 'colcon_pkg'
[0.136s] Level 1:colcon.colcon_core.package_identification:_identify(src/ros_arduino_bridge/ROSArduinoBridge) by extensions ['colcon_meta']
[0.136s] Level 1:colcon.colcon_core.package_identification:_identify(src/ros_arduino_bridge/ROSArduinoBridge) by extension 'colcon_meta'
[0.136s] Level 1:colcon.colcon_core.package_identification:_identify(src/ros_arduino_bridge/ROSArduinoBridge) by extensions ['ros']
[0.136s] Level 1:colcon.colcon_core.package_identification:_identify(src/ros_arduino_bridge/ROSArduinoBridge) by extension 'ros'
[0.136s] Level 1:colcon.colcon_core.package_identification:_identify(src/ros_arduino_bridge/ROSArduinoBridge) by extensions ['cmake', 'python']
[0.136s] Level 1:colcon.colcon_core.package_identification:_identify(src/ros_arduino_bridge/ROSArduinoBridge) by extension 'cmake'
[0.136s] Level 1:colcon.colcon_core.package_identification:_identify(src/ros_arduino_bridge/ROSArduinoBridge) by extension 'python'
[0.136s] Level 1:colcon.colcon_core.package_identification:_identify(src/ros_arduino_bridge/ROSArduinoBridge) by extensions ['python_setup_py']
[0.136s] Level 1:colcon.colcon_core.package_identification:_identify(src/ros_arduino_bridge/ROSArduinoBridge) by extension 'python_setup_py'
[0.137s] Level 1:colcon.colcon_core.package_identification:_identify(src/serial_motor_demo) by extensions ['ignore', 'ignore_ament_install']
[0.137s] Level 1:colcon.colcon_core.package_identification:_identify(src/serial_motor_demo) by extension 'ignore'
[0.137s] Level 1:colcon.colcon_core.package_identification:_identify(src/serial_motor_demo) by extension 'ignore_ament_install'
[0.137s] Level 1:colcon.colcon_core.package_identification:_identify(src/serial_motor_demo) by extensions ['colcon_pkg']
[0.137s] Level 1:colcon.colcon_core.package_identification:_identify(src/serial_motor_demo) by extension 'colcon_pkg'
[0.137s] Level 1:colcon.colcon_core.package_identification:_identify(src/serial_motor_demo) by extensions ['colcon_meta']
[0.137s] Level 1:colcon.colcon_core.package_identification:_identify(src/serial_motor_demo) by extension 'colcon_meta'
[0.137s] Level 1:colcon.colcon_core.package_identification:_identify(src/serial_motor_demo) by extensions ['ros']
[0.137s] Level 1:colcon.colcon_core.package_identification:_identify(src/serial_motor_demo) by extension 'ros'
[0.137s] Level 1:colcon.colcon_core.package_identification:_identify(src/serial_motor_demo) by extensions ['cmake', 'python']
[0.137s] Level 1:colcon.colcon_core.package_identification:_identify(src/serial_motor_demo) by extension 'cmake'
[0.137s] Level 1:colcon.colcon_core.package_identification:_identify(src/serial_motor_demo) by extension 'python'
[0.137s] Level 1:colcon.colcon_core.package_identification:_identify(src/serial_motor_demo) by extensions ['python_setup_py']
[0.137s] Level 1:colcon.colcon_core.package_identification:_identify(src/serial_motor_demo) by extension 'python_setup_py'
[0.137s] Level 1:colcon.colcon_core.package_identification:_identify(src/serial_motor_demo/serial_motor_demo) by extensions ['ignore', 'ignore_ament_install']
[0.137s] Level 1:colcon.colcon_core.package_identification:_identify(src/serial_motor_demo/serial_motor_demo) by extension 'ignore'
[0.137s] Level 1:colcon.colcon_core.package_identification:_identify(src/serial_motor_demo/serial_motor_demo) by extension 'ignore_ament_install'
[0.137s] Level 1:colcon.colcon_core.package_identification:_identify(src/serial_motor_demo/serial_motor_demo) by extensions ['colcon_pkg']
[0.137s] Level 1:colcon.colcon_core.package_identification:_identify(src/serial_motor_demo/serial_motor_demo) by extension 'colcon_pkg'
[0.137s] Level 1:colcon.colcon_core.package_identification:_identify(src/serial_motor_demo/serial_motor_demo) by extensions ['colcon_meta']
[0.137s] Level 1:colcon.colcon_core.package_identification:_identify(src/serial_motor_demo/serial_motor_demo) by extension 'colcon_meta'
[0.137s] Level 1:colcon.colcon_core.package_identification:_identify(src/serial_motor_demo/serial_motor_demo) by extensions ['ros']
[0.137s] Level 1:colcon.colcon_core.package_identification:_identify(src/serial_motor_demo/serial_motor_demo) by extension 'ros'
[0.138s] DEBUG:colcon.colcon_core.package_identification:Package 'src/serial_motor_demo/serial_motor_demo' with type 'ros.ament_python' and name 'serial_motor_demo'
[0.138s] Level 1:colcon.colcon_core.package_identification:_identify(src/serial_motor_demo/serial_motor_demo_msgs) by extensions ['ignore', 'ignore_ament_install']
[0.138s] Level 1:colcon.colcon_core.package_identification:_identify(src/serial_motor_demo/serial_motor_demo_msgs) by extension 'ignore'
[0.138s] Level 1:colcon.colcon_core.package_identification:_identify(src/serial_motor_demo/serial_motor_demo_msgs) by extension 'ignore_ament_install'
[0.138s] Level 1:colcon.colcon_core.package_identification:_identify(src/serial_motor_demo/serial_motor_demo_msgs) by extensions ['colcon_pkg']
[0.138s] Level 1:colcon.colcon_core.package_identification:_identify(src/serial_motor_demo/serial_motor_demo_msgs) by extension 'colcon_pkg'
[0.138s] Level 1:colcon.colcon_core.package_identification:_identify(src/serial_motor_demo/serial_motor_demo_msgs) by extensions ['colcon_meta']
[0.138s] Level 1:colcon.colcon_core.package_identification:_identify(src/serial_motor_demo/serial_motor_demo_msgs) by extension 'colcon_meta'
[0.138s] Level 1:colcon.colcon_core.package_identification:_identify(src/serial_motor_demo/serial_motor_demo_msgs) by extensions ['ros']
[0.138s] Level 1:colcon.colcon_core.package_identification:_identify(src/serial_motor_demo/serial_motor_demo_msgs) by extension 'ros'
[0.139s] DEBUG:colcon.colcon_core.package_identification:Package 'src/serial_motor_demo/serial_motor_demo_msgs' with type 'ros.ament_cmake' and name 'serial_motor_demo_msgs'
[0.139s] Level 1:colcon.colcon_core.package_discovery:discover_packages(recursive) using defaults
[0.139s] Level 1:colcon.colcon_core.package_discovery:discover_packages(ignore) discover
[0.139s] Level 1:colcon.colcon_core.package_discovery:discover_packages(ignore) using defaults
[0.139s] Level 1:colcon.colcon_core.package_discovery:discover_packages(path) discover
[0.139s] Level 1:colcon.colcon_core.package_discovery:discover_packages(path) using defaults
[0.152s] Level 1:colcon.colcon_core.package_discovery:discover_packages(prefix_path) check parameters
[0.152s] Level 1:colcon.colcon_core.package_discovery:discover_packages(prefix_path) discover
[0.153s] WARNING:colcon.colcon_ros.prefix_path.ament:The path '/home/danish/Downloads/Auto--Agesis-main/install/serial_motor_demo' in the environment variable AMENT_PREFIX_PATH doesn't exist
[0.153s] WARNING:colcon.colcon_ros.prefix_path.ament:The path '/home/danish/Downloads/Auto--Agesis-main/install/serial_motor_demo_msgs' in the environment variable AMENT_PREFIX_PATH doesn't exist
[0.153s] WARNING:colcon.colcon_ros.prefix_path.ament:The path '/home/danish/Downloads/Auto--Agesis-main/install/ros2_streamer' in the environment variable AMENT_PREFIX_PATH doesn't exist
[0.153s] WARNING:colcon.colcon_ros.prefix_path.ament:The path '/home/danish/Downloads/Auto--Agesis-main/install/dbot' in the environment variable AMENT_PREFIX_PATH doesn't exist
[0.153s] WARNING:colcon.colcon_ros.prefix_path.catkin:The path '/home/danish/Downloads/Auto--Agesis-main/install/serial_motor_demo_msgs' in the environment variable CMAKE_PREFIX_PATH doesn't exist
[0.153s] WARNING:colcon.colcon_ros.prefix_path.catkin:The path '/home/danish/Downloads/Auto--Agesis-main/install/dbot' in the environment variable CMAKE_PREFIX_PATH doesn't exist
[0.154s] DEBUG:colcon.colcon_installed_package_information.package_discovery:Found 0 installed packages in /home/danish/Downloads/Auto--Agesis-main/install
[0.155s] DEBUG:colcon.colcon_installed_package_information.package_discovery:Found 423 installed packages in /opt/ros/humble
[0.157s] Level 1:colcon.colcon_core.package_discovery:discover_packages(prefix_path) using defaults
[0.206s] Level 5:colcon.colcon_core.verb:set package 'dbot' build argument 'cmake_args' from command line to 'None'
[0.206s] Level 5:colcon.colcon_core.verb:set package 'dbot' build argument 'cmake_target' from command line to 'None'
[0.206s] Level 5:colcon.colcon_core.verb:set package 'dbot' build argument 'cmake_target_skip_unavailable' from command line to 'False'
[0.206s] Level 5:colcon.colcon_core.verb:set package 'dbot' build argument 'cmake_clean_cache' from command line to 'False'
[0.206s] Level 5:colcon.colcon_core.verb:set package 'dbot' build argument 'cmake_clean_first' from command line to 'False'
[0.206s] Level 5:colcon.colcon_core.verb:set package 'dbot' build argument 'cmake_force_configure' from command line to 'False'
[0.206s] Level 5:colcon.colcon_core.verb:set package 'dbot' build argument 'ament_cmake_args' from command line to 'None'
[0.206s] Level 5:colcon.colcon_core.verb:set package 'dbot' build argument 'catkin_cmake_args' from command line to 'None'
[0.206s] Level 5:colcon.colcon_core.verb:set package 'dbot' build argument 'catkin_skip_building_tests' from command line to 'False'
[0.206s] DEBUG:colcon.colcon_core.verb:Building package 'dbot' with the following arguments: {'ament_cmake_args': None, 'build_base': '/home/danish/Downloads/Auto--Agesis-main/build/dbot', 'catkin_cmake_args': None, 'catkin_skip_building_tests': False, 'cmake_args': None, 'cmake_clean_cache': False, 'cmake_clean_first': False, 'cmake_force_configure': False, 'cmake_target': None, 'cmake_target_skip_unavailable': False, 'install_base': '/home/danish/Downloads/Auto--Agesis-main/install/dbot', 'merge_install': False, 'path': '/home/danish/Downloads/Auto--Agesis-main/src/dbot', 'symlink_install': False, 'test_result_base': None}
[0.206s] Level 5:colcon.colcon_core.verb:set package 'ros2_streamer' build argument 'cmake_args' from command line to 'None'
[0.206s] Level 5:colcon.colcon_core.verb:set package 'ros2_streamer' build argument 'cmake_target' from command line to 'None'
[0.206s] Level 5:colcon.colcon_core.verb:set package 'ros2_streamer' build argument 'cmake_target_skip_unavailable' from command line to 'False'
[0.206s] Level 5:colcon.colcon_core.verb:set package 'ros2_streamer' build argument 'cmake_clean_cache' from command line to 'False'
[0.206s] Level 5:colcon.colcon_core.verb:set package 'ros2_streamer' build argument 'cmake_clean_first' from command line to 'False'
[0.206s] Level 5:colcon.colcon_core.verb:set package 'ros2_streamer' build argument 'cmake_force_configure' from command line to 'False'
[0.206s] Level 5:colcon.colcon_core.verb:set package 'ros2_streamer' build argument 'ament_cmake_args' from command line to 'None'
[0.206s] Level 5:colcon.colcon_core.verb:set package 'ros2_streamer' build argument 'catkin_cmake_args' from command line to 'None'
[0.206s] Level 5:colcon.colcon_core.verb:set package 'ros2_streamer' build argument 'catkin_skip_building_tests' from command line to 'False'
[0.206s] DEBUG:colcon.colcon_core.verb:Building package 'ros2_streamer' with the following arguments: {'ament_cmake_args': None, 'build_base': '/home/danish/Downloads/Auto--Agesis-main/build/ros2_streamer', 'catkin_cmake_args': None, 'catkin_skip_building_tests': False, 'cmake_args': None, 'cmake_clean_cache': False, 'cmake_clean_first': False, 'cmake_force_configure': False, 'cmake_target': None, 'cmake_target_skip_unavailable': False, 'install_base': '/home/danish/Downloads/Auto--Agesis-main/install/ros2_streamer', 'merge_install': False, 'path': '/home/danish/Downloads/Auto--Agesis-main/src/ros2_streamer', 'symlink_install': False, 'test_result_base': None}
[0.206s] Level 5:colcon.colcon_core.verb:set package 'serial_motor_demo_msgs' build argument 'cmake_args' from command line to 'None'
[0.206s] Level 5:colcon.colcon_core.verb:set package 'serial_motor_demo_msgs' build argument 'cmake_target' from command line to 'None'
[0.207s] Level 5:colcon.colcon_core.verb:set package 'serial_motor_demo_msgs' build argument 'cmake_target_skip_unavailable' from command line to 'False'
[0.207s] Level 5:colcon.colcon_core.verb:set package 'serial_motor_demo_msgs' build argument 'cmake_clean_cache' from command line to 'False'
[0.207s] Level 5:colcon.colcon_core.verb:set package 'serial_motor_demo_msgs' build argument 'cmake_clean_first' from command line to 'False'
[0.207s] Level 5:colcon.colcon_core.verb:set package 'serial_motor_demo_msgs' build argument 'cmake_force_configure' from command line to 'False'
[0.207s] Level 5:colcon.colcon_core.verb:set package 'serial_motor_demo_msgs' build argument 'ament_cmake_args' from command line to 'None'
[0.207s] Level 5:colcon.colcon_core.verb:set package 'serial_motor_demo_msgs' build argument 'catkin_cmake_args' from command line to 'None'
[0.207s] Level 5:colcon.colcon_core.verb:set package 'serial_motor_demo_msgs' build argument 'catkin_skip_building_tests' from command line to 'False'
[0.207s] DEBUG:colcon.colcon_core.verb:Building package 'serial_motor_demo_msgs' with the following arguments: {'ament_cmake_args': None, 'build_base': '/home/danish/Downloads/Auto--Agesis-main/build/serial_motor_demo_msgs', 'catkin_cmake_args': None, 'catkin_skip_building_tests': False, 'cmake_args': None, 'cmake_clean_cache': False, 'cmake_clean_first': False, 'cmake_force_configure': False, 'cmake_target': None, 'cmake_target_skip_unavailable': False, 'install_base': '/home/danish/Downloads/Auto--Agesis-main/install/serial_motor_demo_msgs', 'merge_install': False, 'path': '/home/danish/Downloads/Auto--Agesis-main/src/serial_motor_demo/serial_motor_demo_msgs', 'symlink_install': False, 'test_result_base': None}
[0.207s] Level 5:colcon.colcon_core.verb:set package 'serial_motor_demo' build argument 'cmake_args' from command line to 'None'
[0.207s] Level 5:colcon.colcon_core.verb:set package 'serial_motor_demo' build argument 'cmake_target' from command line to 'None'
[0.207s] Level 5:colcon.colcon_core.verb:set package 'serial_motor_demo' build argument 'cmake_target_skip_unavailable' from command line to 'False'
[0.207s] Level 5:colcon.colcon_core.verb:set package 'serial_motor_demo' build argument 'cmake_clean_cache' from command line to 'False'
[0.207s] Level 5:colcon.colcon_core.verb:set package 'serial_motor_demo' build argument 'cmake_clean_first' from command line to 'False'
[0.207s] Level 5:colcon.colcon_core.verb:set package 'serial_motor_demo' build argument 'cmake_force_configure' from command line to 'False'
[0.207s] Level 5:colcon.colcon_core.verb:set package 'serial_motor_demo' build argument 'ament_cmake_args' from command line to 'None'
[0.207s] Level 5:colcon.colcon_core.verb:set package 'serial_motor_demo' build argument 'catkin_cmake_args' from command line to 'None'
[0.207s] Level 5:colcon.colcon_core.verb:set package 'serial_motor_demo' build argument 'catkin_skip_building_tests' from command line to 'False'
[0.207s] DEBUG:colcon.colcon_core.verb:Building package 'serial_motor_demo' with the following arguments: {'ament_cmake_args': None, 'build_base': '/home/danish/Downloads/Auto--Agesis-main/build/serial_motor_demo', 'catkin_cmake_args': None, 'catkin_skip_building_tests': False, 'cmake_args': None, 'cmake_clean_cache': False, 'cmake_clean_first': False, 'cmake_force_configure': False, 'cmake_target': None, 'cmake_target_skip_unavailable': False, 'install_base': '/home/danish/Downloads/Auto--Agesis-main/install/serial_motor_demo', 'merge_install': False, 'path': '/home/danish/Downloads/Auto--Agesis-main/src/serial_motor_demo/serial_motor_demo', 'symlink_install': False, 'test_result_base': None}
[0.207s] INFO:colcon.colcon_core.executor:Executing jobs using 'parallel' executor
[0.208s] DEBUG:colcon.colcon_parallel_executor.executor.parallel:run_until_complete
[0.208s] INFO:colcon.colcon_ros.task.ament_cmake.build:Building ROS package in '/home/danish/Downloads/Auto--Agesis-main/src/serial_motor_demo/serial_motor_demo_msgs' with build type 'ament_cmake'
[0.208s] INFO:colcon.colcon_cmake.task.cmake.build:Building CMake package in '/home/danish/Downloads/Auto--Agesis-main/src/serial_motor_demo/serial_motor_demo_msgs'
[0.210s] INFO:colcon.colcon_core.plugin_system:Skipping extension 'colcon_core.shell.bat': Not used on non-Windows systems
[0.210s] INFO:colcon.colcon_core.shell:Skip shell extension 'powershell' for command environment: Not usable outside of PowerShell
[0.210s] DEBUG:colcon.colcon_core.shell:Skip shell extension 'dsv' for command environment
[0.213s] INFO:colcon.colcon_ros.task.ament_cmake.build:Building ROS package in '/home/danish/Downloads/Auto--Agesis-main/src/dbot' with build type 'ament_cmake'
[0.213s] INFO:colcon.colcon_cmake.task.cmake.build:Building CMake package in '/home/danish/Downloads/Auto--Agesis-main/src/dbot'
[0.213s] INFO:colcon.colcon_core.shell:Skip shell extension 'powershell' for command environment: Not usable outside of PowerShell
[0.213s] DEBUG:colcon.colcon_core.shell:Skip shell extension 'dsv' for command environment
[0.216s] INFO:colcon.colcon_ros.task.ament_python.build:Building ROS package in '/home/danish/Downloads/Auto--Agesis-main/src/ros2_streamer' with build type 'ament_python'
[0.216s] Level 1:colcon.colcon_core.shell:create_environment_hook('ros2_streamer', 'ament_prefix_path')
[0.216s] INFO:colcon.colcon_core.shell:Creating environment hook '/home/danish/Downloads/Auto--Agesis-main/install/ros2_streamer/share/ros2_streamer/hook/ament_prefix_path.ps1'
[0.217s] INFO:colcon.colcon_core.shell:Creating environment descriptor '/home/danish/Downloads/Auto--Agesis-main/install/ros2_streamer/share/ros2_streamer/hook/ament_prefix_path.dsv'
[0.217s] INFO:colcon.colcon_core.shell:Creating environment hook '/home/danish/Downloads/Auto--Agesis-main/install/ros2_streamer/share/ros2_streamer/hook/ament_prefix_path.sh'
[0.218s] INFO:colcon.colcon_core.shell:Skip shell extension 'powershell' for command environment: Not usable outside of PowerShell
[0.218s] DEBUG:colcon.colcon_core.shell:Skip shell extension 'dsv' for command environment
[0.223s] DEBUG:colcon.colcon_core.event_handler.log_command:Invoking command in '/home/danish/Downloads/Auto--Agesis-main/build/serial_motor_demo_msgs': CMAKE_PREFIX_PATH=${CMAKE_PREFIX_PATH}:/home/danish/Downloads/Auto--Agesis-main/install/serial_motor_demo:/home/danish/Downloads/Auto--Agesis-main/install/ros2_streamer:/opt/ros/humble DEBUGINFOD_URLS=https://debuginfod.ubuntu.com /usr/bin/cmake /home/danish/Downloads/Auto--Agesis-main/src/serial_motor_demo/serial_motor_demo_msgs -DCMAKE_INSTALL_PREFIX=/home/danish/Downloads/Auto--Agesis-main/install/serial_motor_demo_msgs
[0.225s] DEBUG:colcon.colcon_core.event_handler.log_command:Invoking command in '/home/danish/Downloads/Auto--Agesis-main/build/dbot': CMAKE_PREFIX_PATH=${CMAKE_PREFIX_PATH}:/home/danish/Downloads/Auto--Agesis-main/install/serial_motor_demo:/home/danish/Downloads/Auto--Agesis-main/install/ros2_streamer:/opt/ros/humble DEBUGINFOD_URLS=https://debuginfod.ubuntu.com /usr/bin/cmake /home/danish/Downloads/Auto--Agesis-main/src/dbot -DCMAKE_INSTALL_PREFIX=/home/danish/Downloads/Auto--Agesis-main/install/dbot
[0.377s] INFO:colcon.colcon_core.task.python.build:Building Python package in '/home/danish/Downloads/Auto--Agesis-main/src/ros2_streamer'
[0.377s] INFO:colcon.colcon_core.shell:Skip shell extension 'powershell' for command environment: Not usable outside of PowerShell
[0.377s] DEBUG:colcon.colcon_core.shell:Skip shell extension 'dsv' for command environment
[0.792s] DEBUG:colcon.colcon_core.event_handler.log_command:Invoking command in '/home/danish/Downloads/Auto--Agesis-main/src/ros2_streamer': DEBUGINFOD_URLS=https://debuginfod.ubuntu.com PYTHONPATH=/home/danish/Downloads/Auto--Agesis-main/build/ros2_streamer/prefix_override:/usr/lib/python3/dist-packages/colcon_core/task/python/colcon_distutils_commands:/home/danish/Downloads/Auto--Agesis-main/install/ros2_streamer/lib/python3.10/site-packages:${PYTHONPATH} /usr/bin/python3 -W ignore:setup.py install is deprecated -W ignore:easy_install command is deprecated setup.py egg_info --egg-base ../../build/ros2_streamer build --build-base /home/danish/Downloads/Auto--Agesis-main/build/ros2_streamer/build install --record /home/danish/Downloads/Auto--Agesis-main/build/ros2_streamer/install.log --single-version-externally-managed install_data
[0.899s] DEBUG:colcon.colcon_core.event_handler.log_command:Invoked command in '/home/danish/Downloads/Auto--Agesis-main/build/dbot' returned '0': CMAKE_PREFIX_PATH=${CMAKE_PREFIX_PATH}:/home/danish/Downloads/Auto--Agesis-main/install/serial_motor_demo:/home/danish/Downloads/Auto--Agesis-main/install/ros2_streamer:/opt/ros/humble DEBUGINFOD_URLS=https://debuginfod.ubuntu.com /usr/bin/cmake /home/danish/Downloads/Auto--Agesis-main/src/dbot -DCMAKE_INSTALL_PREFIX=/home/danish/Downloads/Auto--Agesis-main/install/dbot
[0.901s] DEBUG:colcon.colcon_core.event_handler.log_command:Invoking command in '/home/danish/Downloads/Auto--Agesis-main/build/dbot': CMAKE_PREFIX_PATH=${CMAKE_PREFIX_PATH}:/home/danish/Downloads/Auto--Agesis-main/install/serial_motor_demo:/home/danish/Downloads/Auto--Agesis-main/install/ros2_streamer:/opt/ros/humble DEBUGINFOD_URLS=https://debuginfod.ubuntu.com /usr/bin/cmake --build /home/danish/Downloads/Auto--Agesis-main/build/dbot -- -j12 -l12
[0.933s] DEBUG:colcon.colcon_core.event_handler.log_command:Invoked command in '/home/danish/Downloads/Auto--Agesis-main/build/dbot' returned '0': CMAKE_PREFIX_PATH=${CMAKE_PREFIX_PATH}:/home/danish/Downloads/Auto--Agesis-main/install/serial_motor_demo:/home/danish/Downloads/Auto--Agesis-main/install/ros2_streamer:/opt/ros/humble DEBUGINFOD_URLS=https://debuginfod.ubuntu.com /usr/bin/cmake --build /home/danish/Downloads/Auto--Agesis-main/build/dbot -- -j12 -l12
[0.943s] DEBUG:colcon.colcon_core.event_handler.log_command:Invoking command in '/home/danish/Downloads/Auto--Agesis-main/build/dbot': CMAKE_PREFIX_PATH=${CMAKE_PREFIX_PATH}:/home/danish/Downloads/Auto--Agesis-main/install/serial_motor_demo:/home/danish/Downloads/Auto--Agesis-main/install/ros2_streamer:/opt/ros/humble DEBUGINFOD_URLS=https://debuginfod.ubuntu.com /usr/bin/cmake --install /home/danish/Downloads/Auto--Agesis-main/build/dbot
[0.956s] Level 1:colcon.colcon_core.environment:create_environment_scripts_only(dbot)
[0.957s] DEBUG:colcon.colcon_core.event_handler.log_command:Invoked command in '/home/danish/Downloads/Auto--Agesis-main/build/dbot' returned '0': CMAKE_PREFIX_PATH=${CMAKE_PREFIX_PATH}:/home/danish/Downloads/Auto--Agesis-main/install/serial_motor_demo:/home/danish/Downloads/Auto--Agesis-main/install/ros2_streamer:/opt/ros/humble DEBUGINFOD_URLS=https://debuginfod.ubuntu.com /usr/bin/cmake --install /home/danish/Downloads/Auto--Agesis-main/build/dbot
[0.959s] Level 1:colcon.colcon_core.environment:checking '/home/danish/Downloads/Auto--Agesis-main/install/dbot' for CMake module files
[0.959s] Level 1:colcon.colcon_core.environment:checking '/home/danish/Downloads/Auto--Agesis-main/install/dbot' for CMake config files
[0.959s] Level 1:colcon.colcon_core.shell:create_environment_hook('dbot', 'cmake_prefix_path')
[0.959s] INFO:colcon.colcon_core.shell:Creating environment hook '/home/danish/Downloads/Auto--Agesis-main/install/dbot/share/dbot/hook/cmake_prefix_path.ps1'
[0.960s] INFO:colcon.colcon_core.shell:Creating environment descriptor '/home/danish/Downloads/Auto--Agesis-main/install/dbot/share/dbot/hook/cmake_prefix_path.dsv'
[0.960s] INFO:colcon.colcon_core.shell:Creating environment hook '/home/danish/Downloads/Auto--Agesis-main/install/dbot/share/dbot/hook/cmake_prefix_path.sh'
[0.960s] Level 1:colcon.colcon_core.environment:checking '/home/danish/Downloads/Auto--Agesis-main/install/dbot/bin'
[0.960s] Level 1:colcon.colcon_core.environment:checking '/home/danish/Downloads/Auto--Agesis-main/install/dbot/lib/pkgconfig/dbot.pc'
[0.961s] Level 1:colcon.colcon_core.environment:checking '/home/danish/Downloads/Auto--Agesis-main/install/dbot/lib/python3.10/site-packages'
[0.961s] Level 1:colcon.colcon_core.environment:checking '/home/danish/Downloads/Auto--Agesis-main/install/dbot/bin'
[0.961s] INFO:colcon.colcon_core.shell:Creating package script '/home/danish/Downloads/Auto--Agesis-main/install/dbot/share/dbot/package.ps1'
[0.962s] INFO:colcon.colcon_core.shell:Creating package descriptor '/home/danish/Downloads/Auto--Agesis-main/install/dbot/share/dbot/package.dsv'
[0.962s] INFO:colcon.colcon_core.shell:Creating package script '/home/danish/Downloads/Auto--Agesis-main/install/dbot/share/dbot/package.sh'
[0.963s] INFO:colcon.colcon_core.shell:Creating package script '/home/danish/Downloads/Auto--Agesis-main/install/dbot/share/dbot/package.bash'
[0.963s] INFO:colcon.colcon_core.shell:Creating package script '/home/danish/Downloads/Auto--Agesis-main/install/dbot/share/dbot/package.zsh'
[0.964s] Level 1:colcon.colcon_core.environment:create_file_with_runtime_dependencies(/home/danish/Downloads/Auto--Agesis-main/install/dbot/share/colcon-core/packages/dbot)
[0.964s] Level 1:colcon.colcon_core.environment:create_environment_scripts_only(dbot)
[0.964s] Level 1:colcon.colcon_core.environment:checking '/home/danish/Downloads/Auto--Agesis-main/install/dbot' for CMake module files
[0.965s] Level 1:colcon.colcon_core.environment:checking '/home/danish/Downloads/Auto--Agesis-main/install/dbot' for CMake config files
[0.965s] Level 1:colcon.colcon_core.shell:create_environment_hook('dbot', 'cmake_prefix_path')
[0.965s] INFO:colcon.colcon_core.shell:Creating environment hook '/home/danish/Downloads/Auto--Agesis-main/install/dbot/share/dbot/hook/cmake_prefix_path.ps1'
[0.965s] INFO:colcon.colcon_core.shell:Creating environment descriptor '/home/danish/Downloads/Auto--Agesis-main/install/dbot/share/dbot/hook/cmake_prefix_path.dsv'
[0.965s] INFO:colcon.colcon_core.shell:Creating environment hook '/home/danish/Downloads/Auto--Agesis-main/install/dbot/share/dbot/hook/cmake_prefix_path.sh'
[0.966s] Level 1:colcon.colcon_core.environment:checking '/home/danish/Downloads/Auto--Agesis-main/install/dbot/bin'
[0.966s] Level 1:colcon.colcon_core.environment:checking '/home/danish/Downloads/Auto--Agesis-main/install/dbot/lib/pkgconfig/dbot.pc'
[0.966s] Level 1:colcon.colcon_core.environment:checking '/home/danish/Downloads/Auto--Agesis-main/install/dbot/lib/python3.10/site-packages'
[0.966s] Level 1:colcon.colcon_core.environment:checking '/home/danish/Downloads/Auto--Agesis-main/install/dbot/bin'
[0.967s] INFO:colcon.colcon_core.shell:Creating package script '/home/danish/Downloads/Auto--Agesis-main/install/dbot/share/dbot/package.ps1'
[0.967s] INFO:colcon.colcon_core.shell:Creating package descriptor '/home/danish/Downloads/Auto--Agesis-main/install/dbot/share/dbot/package.dsv'
[0.967s] INFO:colcon.colcon_core.shell:Creating package script '/home/danish/Downloads/Auto--Agesis-main/install/dbot/share/dbot/package.sh'
[0.968s] INFO:colcon.colcon_core.shell:Creating package script '/home/danish/Downloads/Auto--Agesis-main/install/dbot/share/dbot/package.bash'
[0.968s] INFO:colcon.colcon_core.shell:Creating package script '/home/danish/Downloads/Auto--Agesis-main/install/dbot/share/dbot/package.zsh'
[0.968s] Level 1:colcon.colcon_core.environment:create_file_with_runtime_dependencies(/home/danish/Downloads/Auto--Agesis-main/install/dbot/share/colcon-core/packages/dbot)
[1.168s] Level 1:colcon.colcon_core.environment:checking '/home/danish/Downloads/Auto--Agesis-main/install/ros2_streamer' for CMake module files
[1.169s] DEBUG:colcon.colcon_core.event_handler.log_command:Invoked command in '/home/danish/Downloads/Auto--Agesis-main/src/ros2_streamer' returned '0': DEBUGINFOD_URLS=https://debuginfod.ubuntu.com PYTHONPATH=/home/danish/Downloads/Auto--Agesis-main/build/ros2_streamer/prefix_override:/usr/lib/python3/dist-packages/colcon_core/task/python/colcon_distutils_commands:/home/danish/Downloads/Auto--Agesis-main/install/ros2_streamer/lib/python3.10/site-packages:${PYTHONPATH} /usr/bin/python3 -W ignore:setup.py install is deprecated -W ignore:easy_install command is deprecated setup.py egg_info --egg-base ../../build/ros2_streamer build --build-base /home/danish/Downloads/Auto--Agesis-main/build/ros2_streamer/build install --record /home/danish/Downloads/Auto--Agesis-main/build/ros2_streamer/install.log --single-version-externally-managed install_data
[1.169s] Level 1:colcon.colcon_core.environment:checking '/home/danish/Downloads/Auto--Agesis-main/install/ros2_streamer' for CMake config files
[1.169s] Level 1:colcon.colcon_core.environment:checking '/home/danish/Downloads/Auto--Agesis-main/install/ros2_streamer/lib'
[1.169s] Level 1:colcon.colcon_core.environment:checking '/home/danish/Downloads/Auto--Agesis-main/install/ros2_streamer/bin'
[1.169s] Level 1:colcon.colcon_core.environment:checking '/home/danish/Downloads/Auto--Agesis-main/install/ros2_streamer/lib/pkgconfig/ros2_streamer.pc'
[1.170s] Level 1:colcon.colcon_core.environment:checking '/home/danish/Downloads/Auto--Agesis-main/install/ros2_streamer/lib/python3.10/site-packages'
[1.170s] Level 1:colcon.colcon_core.shell:create_environment_hook('ros2_streamer', 'pythonpath')
[1.170s] INFO:colcon.colcon_core.shell:Creating environment hook '/home/danish/Downloads/Auto--Agesis-main/install/ros2_streamer/share/ros2_streamer/hook/pythonpath.ps1'
[1.170s] INFO:colcon.colcon_core.shell:Creating environment descriptor '/home/danish/Downloads/Auto--Agesis-main/install/ros2_streamer/share/ros2_streamer/hook/pythonpath.dsv'
[1.170s] INFO:colcon.colcon_core.shell:Creating environment hook '/home/danish/Downloads/Auto--Agesis-main/install/ros2_streamer/share/ros2_streamer/hook/pythonpath.sh'
[1.171s] Level 1:colcon.colcon_core.environment:checking '/home/danish/Downloads/Auto--Agesis-main/install/ros2_streamer/bin'
[1.171s] Level 1:colcon.colcon_core.environment:create_environment_scripts_only(ros2_streamer)
[1.171s] INFO:colcon.colcon_core.shell:Creating package script '/home/danish/Downloads/Auto--Agesis-main/install/ros2_streamer/share/ros2_streamer/package.ps1'
[1.172s] INFO:colcon.colcon_core.shell:Creating package descriptor '/home/danish/Downloads/Auto--Agesis-main/install/ros2_streamer/share/ros2_streamer/package.dsv'
[1.172s] INFO:colcon.colcon_core.shell:Creating package script '/home/danish/Downloads/Auto--Agesis-main/install/ros2_streamer/share/ros2_streamer/package.sh'
[1.172s] INFO:colcon.colcon_core.shell:Creating package script '/home/danish/Downloads/Auto--Agesis-main/install/ros2_streamer/share/ros2_streamer/package.bash'
[1.172s] INFO:colcon.colcon_core.shell:Creating package script '/home/danish/Downloads/Auto--Agesis-main/install/ros2_streamer/share/ros2_streamer/package.zsh'
[1.173s] Level 1:colcon.colcon_core.environment:create_file_with_runtime_dependencies(/home/danish/Downloads/Auto--Agesis-main/install/ros2_streamer/share/colcon-core/packages/ros2_streamer)
[1.619s] DEBUG:colcon.colcon_core.event_handler.log_command:Invoked command in '/home/danish/Downloads/Auto--Agesis-main/build/serial_motor_demo_msgs' returned '0': CMAKE_PREFIX_PATH=${CMAKE_PREFIX_PATH}:/home/danish/Downloads/Auto--Agesis-main/install/serial_motor_demo:/home/danish/Downloads/Auto--Agesis-main/install/ros2_streamer:/opt/ros/humble DEBUGINFOD_URLS=https://debuginfod.ubuntu.com /usr/bin/cmake /home/danish/Downloads/Auto--Agesis-main/src/serial_motor_demo/serial_motor_demo_msgs -DCMAKE_INSTALL_PREFIX=/home/danish/Downloads/Auto--Agesis-main/install/serial_motor_demo_msgs
[1.620s] DEBUG:colcon.colcon_core.event_handler.log_command:Invoking command in '/home/danish/Downloads/Auto--Agesis-main/build/serial_motor_demo_msgs': CMAKE_PREFIX_PATH=${CMAKE_PREFIX_PATH}:/home/danish/Downloads/Auto--Agesis-main/install/serial_motor_demo:/home/danish/Downloads/Auto--Agesis-main/install/ros2_streamer:/opt/ros/humble DEBUGINFOD_URLS=https://debuginfod.ubuntu.com /usr/bin/cmake --build /home/danish/Downloads/Auto--Agesis-main/build/serial_motor_demo_msgs -- -j12 -l12
[3.495s] DEBUG:colcon.colcon_core.event_handler.log_command:Invoked command in '/home/danish/Downloads/Auto--Agesis-main/build/serial_motor_demo_msgs' returned '0': CMAKE_PREFIX_PATH=${CMAKE_PREFIX_PATH}:/home/danish/Downloads/Auto--Agesis-main/install/serial_motor_demo:/home/danish/Downloads/Auto--Agesis-main/install/ros2_streamer:/opt/ros/humble DEBUGINFOD_URLS=https://debuginfod.ubuntu.com /usr/bin/cmake --build /home/danish/Downloads/Auto--Agesis-main/build/serial_motor_demo_msgs -- -j12 -l12
[3.496s] DEBUG:colcon.colcon_core.event_handler.log_command:Invoking command in '/home/danish/Downloads/Auto--Agesis-main/build/serial_motor_demo_msgs': CMAKE_PREFIX_PATH=${CMAKE_PREFIX_PATH}:/home/danish/Downloads/Auto--Agesis-main/install/serial_motor_demo:/home/danish/Downloads/Auto--Agesis-main/install/ros2_streamer:/opt/ros/humble DEBUGINFOD_URLS=https://debuginfod.ubuntu.com /usr/bin/cmake --install /home/danish/Downloads/Auto--Agesis-main/build/serial_motor_demo_msgs
[3.558s] Level 1:colcon.colcon_core.environment:create_environment_scripts_only(serial_motor_demo_msgs)
[3.559s] Level 1:colcon.colcon_core.environment:checking '/home/danish/Downloads/Auto--Agesis-main/install/serial_motor_demo_msgs' for CMake module files
[3.559s] DEBUG:colcon.colcon_core.event_handler.log_command:Invoked command in '/home/danish/Downloads/Auto--Agesis-main/build/serial_motor_demo_msgs' returned '0': CMAKE_PREFIX_PATH=${CMAKE_PREFIX_PATH}:/home/danish/Downloads/Auto--Agesis-main/install/serial_motor_demo:/home/danish/Downloads/Auto--Agesis-main/install/ros2_streamer:/opt/ros/humble DEBUGINFOD_URLS=https://debuginfod.ubuntu.com /usr/bin/cmake --install /home/danish/Downloads/Auto--Agesis-main/build/serial_motor_demo_msgs
[3.560s] Level 1:colcon.colcon_core.environment:checking '/home/danish/Downloads/Auto--Agesis-main/install/serial_motor_demo_msgs' for CMake config files
[3.560s] Level 1:colcon.colcon_core.shell:create_environment_hook('serial_motor_demo_msgs', 'cmake_prefix_path')
[3.560s] INFO:colcon.colcon_core.shell:Creating environment hook '/home/danish/Downloads/Auto--Agesis-main/install/serial_motor_demo_msgs/share/serial_motor_demo_msgs/hook/cmake_prefix_path.ps1'
[3.560s] INFO:colcon.colcon_core.shell:Creating environment descriptor '/home/danish/Downloads/Auto--Agesis-main/install/serial_motor_demo_msgs/share/serial_motor_demo_msgs/hook/cmake_prefix_path.dsv'
[3.561s] INFO:colcon.colcon_core.shell:Creating environment hook '/home/danish/Downloads/Auto--Agesis-main/install/serial_motor_demo_msgs/share/serial_motor_demo_msgs/hook/cmake_prefix_path.sh'
[3.561s] Level 1:colcon.colcon_core.environment:checking '/home/danish/Downloads/Auto--Agesis-main/install/serial_motor_demo_msgs/lib'
[3.561s] Level 1:colcon.colcon_core.shell:create_environment_hook('serial_motor_demo_msgs', 'ld_library_path_lib')
[3.561s] INFO:colcon.colcon_core.shell:Creating environment hook '/home/danish/Downloads/Auto--Agesis-main/install/serial_motor_demo_msgs/share/serial_motor_demo_msgs/hook/ld_library_path_lib.ps1'
[3.561s] INFO:colcon.colcon_core.shell:Creating environment descriptor '/home/danish/Downloads/Auto--Agesis-main/install/serial_motor_demo_msgs/share/serial_motor_demo_msgs/hook/ld_library_path_lib.dsv'
[3.562s] INFO:colcon.colcon_core.shell:Creating environment hook '/home/danish/Downloads/Auto--Agesis-main/install/serial_motor_demo_msgs/share/serial_motor_demo_msgs/hook/ld_library_path_lib.sh'
[3.562s] Level 1:colcon.colcon_core.environment:checking '/home/danish/Downloads/Auto--Agesis-main/install/serial_motor_demo_msgs/bin'
[3.562s] Level 1:colcon.colcon_core.environment:checking '/home/danish/Downloads/Auto--Agesis-main/install/serial_motor_demo_msgs/lib/pkgconfig/serial_motor_demo_msgs.pc'
[3.562s] Level 1:colcon.colcon_core.environment:checking '/home/danish/Downloads/Auto--Agesis-main/install/serial_motor_demo_msgs/lib/python3.10/site-packages'
[3.562s] Level 1:colcon.colcon_core.environment:checking '/home/danish/Downloads/Auto--Agesis-main/install/serial_motor_demo_msgs/bin'
[3.563s] INFO:colcon.colcon_core.shell:Creating package script '/home/danish/Downloads/Auto--Agesis-main/install/serial_motor_demo_msgs/share/serial_motor_demo_msgs/package.ps1'
[3.563s] INFO:colcon.colcon_core.shell:Creating package descriptor '/home/danish/Downloads/Auto--Agesis-main/install/serial_motor_demo_msgs/share/serial_motor_demo_msgs/package.dsv'
[3.563s] INFO:colcon.colcon_core.shell:Creating package script '/home/danish/Downloads/Auto--Agesis-main/install/serial_motor_demo_msgs/share/serial_motor_demo_msgs/package.sh'
[3.564s] INFO:colcon.colcon_core.shell:Creating package script '/home/danish/Downloads/Auto--Agesis-main/install/serial_motor_demo_msgs/share/serial_motor_demo_msgs/package.bash'
[3.564s] INFO:colcon.colcon_core.shell:Creating package script '/home/danish/Downloads/Auto--Agesis-main/install/serial_motor_demo_msgs/share/serial_motor_demo_msgs/package.zsh'
[3.564s] Level 1:colcon.colcon_core.environment:create_file_with_runtime_dependencies(/home/danish/Downloads/Auto--Agesis-main/install/serial_motor_demo_msgs/share/colcon-core/packages/serial_motor_demo_msgs)
[3.565s] Level 1:colcon.colcon_core.environment:create_environment_scripts_only(serial_motor_demo_msgs)
[3.565s] Level 1:colcon.colcon_core.environment:checking '/home/danish/Downloads/Auto--Agesis-main/install/serial_motor_demo_msgs' for CMake module files
[3.565s] Level 1:colcon.colcon_core.environment:checking '/home/danish/Downloads/Auto--Agesis-main/install/serial_motor_demo_msgs' for CMake config files
[3.565s] Level 1:colcon.colcon_core.shell:create_environment_hook('serial_motor_demo_msgs', 'cmake_prefix_path')
[3.566s] INFO:colcon.colcon_core.shell:Creating environment hook '/home/danish/Downloads/Auto--Agesis-main/install/serial_motor_demo_msgs/share/serial_motor_demo_msgs/hook/cmake_prefix_path.ps1'
[3.566s] INFO:colcon.colcon_core.shell:Creating environment descriptor '/home/danish/Downloads/Auto--Agesis-main/install/serial_motor_demo_msgs/share/serial_motor_demo_msgs/hook/cmake_prefix_path.dsv'
[3.566s] INFO:colcon.colcon_core.shell:Creating environment hook '/home/danish/Downloads/Auto--Agesis-main/install/serial_motor_demo_msgs/share/serial_motor_demo_msgs/hook/cmake_prefix_path.sh'
[3.566s] Level 1:colcon.colcon_core.environment:checking '/home/danish/Downloads/Auto--Agesis-main/install/serial_motor_demo_msgs/lib'
[3.566s] Level 1:colcon.colcon_core.shell:create_environment_hook('serial_motor_demo_msgs', 'ld_library_path_lib')
[3.567s] INFO:colcon.colcon_core.shell:Creating environment hook '/home/danish/Downloads/Auto--Agesis-main/install/serial_motor_demo_msgs/share/serial_motor_demo_msgs/hook/ld_library_path_lib.ps1'
[3.567s] INFO:colcon.colcon_core.shell:Creating environment descriptor '/home/danish/Downloads/Auto--Agesis-main/install/serial_motor_demo_msgs/share/serial_motor_demo_msgs/hook/ld_library_path_lib.dsv'
[3.567s] INFO:colcon.colcon_core.shell:Creating environment hook '/home/danish/Downloads/Auto--Agesis-main/install/serial_motor_demo_msgs/share/serial_motor_demo_msgs/hook/ld_library_path_lib.sh'
[3.567s] Level 1:colcon.colcon_core.environment:checking '/home/danish/Downloads/Auto--Agesis-main/install/serial_motor_demo_msgs/bin'
[3.567s] Level 1:colcon.colcon_core.environment:checking '/home/danish/Downloads/Auto--Agesis-main/install/serial_motor_demo_msgs/lib/pkgconfig/serial_motor_demo_msgs.pc'
[3.568s] Level 1:colcon.colcon_core.environment:checking '/home/danish/Downloads/Auto--Agesis-main/install/serial_motor_demo_msgs/lib/python3.10/site-packages'
[3.568s] Level 1:colcon.colcon_core.environment:checking '/home/danish/Downloads/Auto--Agesis-main/install/serial_motor_demo_msgs/bin'
[3.568s] INFO:colcon.colcon_core.shell:Creating package script '/home/danish/Downloads/Auto--Agesis-main/install/serial_motor_demo_msgs/share/serial_motor_demo_msgs/package.ps1'
[3.569s] INFO:colcon.colcon_core.shell:Creating package descriptor '/home/danish/Downloads/Auto--Agesis-main/install/serial_motor_demo_msgs/share/serial_motor_demo_msgs/package.dsv'
[3.569s] INFO:colcon.colcon_core.shell:Creating package script '/home/danish/Downloads/Auto--Agesis-main/install/serial_motor_demo_msgs/share/serial_motor_demo_msgs/package.sh'
[3.569s] INFO:colcon.colcon_core.shell:Creating package script '/home/danish/Downloads/Auto--Agesis-main/install/serial_motor_demo_msgs/share/serial_motor_demo_msgs/package.bash'
[3.570s] INFO:colcon.colcon_core.shell:Creating package script '/home/danish/Downloads/Auto--Agesis-main/install/serial_motor_demo_msgs/share/serial_motor_demo_msgs/package.zsh'
[3.570s] Level 1:colcon.colcon_core.environment:create_file_with_runtime_dependencies(/home/danish/Downloads/Auto--Agesis-main/install/serial_motor_demo_msgs/share/colcon-core/packages/serial_motor_demo_msgs)
[3.570s] INFO:colcon.colcon_ros.task.ament_python.build:Building ROS package in '/home/danish/Downloads/Auto--Agesis-main/src/serial_motor_demo/serial_motor_demo' with build type 'ament_python'
[3.570s] Level 1:colcon.colcon_core.shell:create_environment_hook('serial_motor_demo', 'ament_prefix_path')
[3.570s] INFO:colcon.colcon_core.shell:Creating environment hook '/home/danish/Downloads/Auto--Agesis-main/install/serial_motor_demo/share/serial_motor_demo/hook/ament_prefix_path.ps1'
[3.571s] INFO:colcon.colcon_core.shell:Creating environment descriptor '/home/danish/Downloads/Auto--Agesis-main/install/serial_motor_demo/share/serial_motor_demo/hook/ament_prefix_path.dsv'
[3.571s] INFO:colcon.colcon_core.shell:Creating environment hook '/home/danish/Downloads/Auto--Agesis-main/install/serial_motor_demo/share/serial_motor_demo/hook/ament_prefix_path.sh'
[3.572s] INFO:colcon.colcon_core.shell:Skip shell extension 'powershell' for command environment: Not usable outside of PowerShell
[3.572s] DEBUG:colcon.colcon_core.shell:Skip shell extension 'dsv' for command environment
[3.719s] INFO:colcon.colcon_core.task.python.build:Building Python package in '/home/danish/Downloads/Auto--Agesis-main/src/serial_motor_demo/serial_motor_demo'
[3.720s] INFO:colcon.colcon_core.shell:Skip shell extension 'powershell' for command environment: Not usable outside of PowerShell
[3.720s] DEBUG:colcon.colcon_core.shell:Skip shell extension 'dsv' for command environment
[4.120s] DEBUG:colcon.colcon_core.event_handler.log_command:Invoking command in '/home/danish/Downloads/Auto--Agesis-main/src/serial_motor_demo/serial_motor_demo': DEBUGINFOD_URLS=https://debuginfod.ubuntu.com PYTHONPATH=/home/danish/Downloads/Auto--Agesis-main/build/serial_motor_demo/prefix_override:/usr/lib/python3/dist-packages/colcon_core/task/python/colcon_distutils_commands:/home/danish/Downloads/Auto--Agesis-main/install/serial_motor_demo/lib/python3.10/site-packages:${PYTHONPATH} /usr/bin/python3 -W ignore:setup.py install is deprecated -W ignore:easy_install command is deprecated setup.py egg_info --egg-base ../../../build/serial_motor_demo build --build-base /home/danish/Downloads/Auto--Agesis-main/build/serial_motor_demo/build install --record /home/danish/Downloads/Auto--Agesis-main/build/serial_motor_demo/install.log --single-version-externally-managed install_data
[4.488s] Level 1:colcon.colcon_core.environment:checking '/home/danish/Downloads/Auto--Agesis-main/install/serial_motor_demo' for CMake module files
[4.488s] DEBUG:colcon.colcon_core.event_handler.log_command:Invoked command in '/home/danish/Downloads/Auto--Agesis-main/src/serial_motor_demo/serial_motor_demo' returned '0': DEBUGINFOD_URLS=https://debuginfod.ubuntu.com PYTHONPATH=/home/danish/Downloads/Auto--Agesis-main/build/serial_motor_demo/prefix_override:/usr/lib/python3/dist-packages/colcon_core/task/python/colcon_distutils_commands:/home/danish/Downloads/Auto--Agesis-main/install/serial_motor_demo/lib/python3.10/site-packages:${PYTHONPATH} /usr/bin/python3 -W ignore:setup.py install is deprecated -W ignore:easy_install command is deprecated setup.py egg_info --egg-base ../../../build/serial_motor_demo build --build-base /home/danish/Downloads/Auto--Agesis-main/build/serial_motor_demo/build install --record /home/danish/Downloads/Auto--Agesis-main/build/serial_motor_demo/install.log --single-version-externally-managed install_data
[4.488s] Level 1:colcon.colcon_core.environment:checking '/home/danish/Downloads/Auto--Agesis-main/install/serial_motor_demo' for CMake config files
[4.489s] Level 1:colcon.colcon_core.environment:checking '/home/danish/Downloads/Auto--Agesis-main/install/serial_motor_demo/lib'
[4.489s] Level 1:colcon.colcon_core.environment:checking '/home/danish/Downloads/Auto--Agesis-main/install/serial_motor_demo/bin'
[4.489s] Level 1:colcon.colcon_core.environment:checking '/home/danish/Downloads/Auto--Agesis-main/install/serial_motor_demo/lib/pkgconfig/serial_motor_demo.pc'
[4.489s] Level 1:colcon.colcon_core.environment:checking '/home/danish/Downloads/Auto--Agesis-main/install/serial_motor_demo/lib/python3.10/site-packages'
[4.489s] Level 1:colcon.colcon_core.shell:create_environment_hook('serial_motor_demo', 'pythonpath')
[4.489s] INFO:colcon.colcon_core.shell:Creating environment hook '/home/danish/Downloads/Auto--Agesis-main/install/serial_motor_demo/share/serial_motor_demo/hook/pythonpath.ps1'
[4.489s] INFO:colcon.colcon_core.shell:Creating environment descriptor '/home/danish/Downloads/Auto--Agesis-main/install/serial_motor_demo/share/serial_motor_demo/hook/pythonpath.dsv'
[4.490s] INFO:colcon.colcon_core.shell:Creating environment hook '/home/danish/Downloads/Auto--Agesis-main/install/serial_motor_demo/share/serial_motor_demo/hook/pythonpath.sh'
[4.490s] Level 1:colcon.colcon_core.environment:checking '/home/danish/Downloads/Auto--Agesis-main/install/serial_motor_demo/bin'
[4.490s] Level 1:colcon.colcon_core.environment:create_environment_scripts_only(serial_motor_demo)
[4.490s] INFO:colcon.colcon_core.shell:Creating package script '/home/danish/Downloads/Auto--Agesis-main/install/serial_motor_demo/share/serial_motor_demo/package.ps1'
[4.491s] INFO:colcon.colcon_core.shell:Creating package descriptor '/home/danish/Downloads/Auto--Agesis-main/install/serial_motor_demo/share/serial_motor_demo/package.dsv'
[4.491s] INFO:colcon.colcon_core.shell:Creating package script '/home/danish/Downloads/Auto--Agesis-main/install/serial_motor_demo/share/serial_motor_demo/package.sh'
[4.491s] INFO:colcon.colcon_core.shell:Creating package script '/home/danish/Downloads/Auto--Agesis-main/install/serial_motor_demo/share/serial_motor_demo/package.bash'
[4.492s] INFO:colcon.colcon_core.shell:Creating package script '/home/danish/Downloads/Auto--Agesis-main/install/serial_motor_demo/share/serial_motor_demo/package.zsh'
[4.492s] Level 1:colcon.colcon_core.environment:create_file_with_runtime_dependencies(/home/danish/Downloads/Auto--Agesis-main/install/serial_motor_demo/share/colcon-core/packages/serial_motor_demo)
[4.492s] DEBUG:colcon.colcon_parallel_executor.executor.parallel:closing loop
[4.492s] DEBUG:colcon.colcon_parallel_executor.executor.parallel:loop closed
[4.492s] DEBUG:colcon.colcon_parallel_executor.executor.parallel:run_until_complete finished with '0'
[4.492s] DEBUG:colcon.colcon_core.event_reactor:joining thread
[4.496s] INFO:colcon.colcon_core.plugin_system:Skipping extension 'colcon_notification.desktop_notification.terminal_notifier': Not used on non-Darwin systems
[4.496s] INFO:colcon.colcon_core.plugin_system:Skipping extension 'colcon_notification.desktop_notification.win32': Not used on non-Windows systems
[4.496s] INFO:colcon.colcon_notification.desktop_notification:Sending desktop notification using 'notify2'
[4.503s] DEBUG:colcon.colcon_core.event_reactor:joined thread
[4.503s] INFO:colcon.colcon_core.shell:Creating prefix script '/home/danish/Downloads/Auto--Agesis-main/install/local_setup.ps1'
[4.504s] INFO:colcon.colcon_core.shell:Creating prefix util module '/home/danish/Downloads/Auto--Agesis-main/install/_local_setup_util_ps1.py'
[4.505s] INFO:colcon.colcon_core.shell:Creating prefix chain script '/home/danish/Downloads/Auto--Agesis-main/install/setup.ps1'
[4.506s] INFO:colcon.colcon_core.shell:Creating prefix script '/home/danish/Downloads/Auto--Agesis-main/install/local_setup.sh'
[4.506s] INFO:colcon.colcon_core.shell:Creating prefix util module '/home/danish/Downloads/Auto--Agesis-main/install/_local_setup_util_sh.py'
[4.506s] INFO:colcon.colcon_core.shell:Creating prefix chain script '/home/danish/Downloads/Auto--Agesis-main/install/setup.sh'
[4.507s] INFO:colcon.colcon_core.shell:Creating prefix script '/home/danish/Downloads/Auto--Agesis-main/install/local_setup.bash'
[4.507s] INFO:colcon.colcon_core.shell:Creating prefix chain script '/home/danish/Downloads/Auto--Agesis-main/install/setup.bash'
[4.508s] INFO:colcon.colcon_core.shell:Creating prefix script '/home/danish/Downloads/Auto--Agesis-main/install/local_setup.zsh'
[4.508s] INFO:colcon.colcon_core.shell:Creating prefix chain script '/home/danish/Downloads/Auto--Agesis-main/install/setup.zsh'
