[0.014s] Invoking command in '/home/danish/Downloads/Auto--Agesis-main/build/serial_motor_demo_msgs': CMAKE_PREFIX_PATH=${CMAKE_PREFIX_PATH}:/home/danish/Downloads/Auto--Agesis-main/install/serial_motor_demo:/home/danish/Downloads/Auto--Agesis-main/install/ros2_streamer:/opt/ros/humble DEBUGINFOD_URLS=https://debuginfod.ubuntu.com /usr/bin/cmake /home/danish/Downloads/Auto--Agesis-main/src/serial_motor_demo/serial_motor_demo_msgs -DCMAKE_INSTALL_PREFIX=/home/danish/Downloads/Auto--Agesis-main/install/serial_motor_demo_msgs
[0.059s] -- The C compiler identification is GNU 11.4.0
[0.103s] -- The CXX compiler identification is GNU 11.4.0
[0.109s] -- Detecting C compiler ABI info
[0.166s] -- Detecting C compiler ABI info - done
[0.171s] -- Check for working C compiler: /usr/bin/cc - skipped
[0.172s] -- Detecting C compile features
[0.172s] -- Detecting C compile features - done
[0.174s] -- Detecting CXX compiler ABI info
[0.242s] -- Detecting CXX compiler ABI info - done
[0.248s] -- Check for working CXX compiler: /usr/bin/c++ - skipped
[0.248s] -- Detecting CXX compile features
[0.248s] -- Detecting CXX compile features - done
[0.251s] -- Found ament_cmake: 1.3.14 (/opt/ros/humble/share/ament_cmake/cmake)
[0.513s] -- Found Python3: /usr/bin/python3 (found version "3.10.12") found components: Interpreter 
[0.592s] -- Found ament_lint_auto: 0.12.15 (/opt/ros/humble/share/ament_lint_auto/cmake)
[0.673s] -- Found rosidl_default_generators: 1.2.1 (/opt/ros/humble/share/rosidl_default_generators/cmake)
[0.676s] -- Using all available rosidl_typesupport_c: rosidl_typesupport_fastrtps_c;rosidl_typesupport_introspection_c
[0.683s] -- Found rosidl_adapter: 3.1.8 (/opt/ros/humble/share/rosidl_adapter/cmake)
[0.719s] -- Using all available rosidl_typesupport_cpp: rosidl_typesupport_fastrtps_cpp;rosidl_typesupport_introspection_cpp
[0.901s] -- Found ament_cmake_ros: 0.10.0 (/opt/ros/humble/share/ament_cmake_ros/cmake)
[1.047s] -- Using all available rosidl_typesupport_c: rosidl_typesupport_fastrtps_c;rosidl_typesupport_introspection_c
[1.231s] -- Using all available rosidl_typesupport_cpp: rosidl_typesupport_fastrtps_cpp;rosidl_typesupport_introspection_cpp
[1.250s] -- Found PythonInterp: /usr/bin/python3 (found suitable version "3.10.12", minimum required is "3.6") 
[1.251s] -- Found python_cmake_module: 0.10.0 (/opt/ros/humble/share/python_cmake_module/cmake)
[1.272s] -- Found PythonLibs: /usr/lib/x86_64-linux-gnu/libpython3.10.so (found suitable version "3.10.12", minimum required is "3.5") 
[1.273s] -- Using PYTHON_EXECUTABLE: /usr/bin/python3
[1.273s] -- Using PYTHON_INCLUDE_DIRS: /usr/include/python3.10
[1.273s] -- Using PYTHON_LIBRARIES: /usr/lib/x86_64-linux-gnu/libpython3.10.so
[1.289s] -- Found PythonExtra: .so  
[1.363s] -- Added test 'copyright' to check source files copyright and LICENSE
[1.364s] -- Added test 'lint_cmake' to check CMake code style
[1.365s] -- Added test 'xmllint' to check XML markup files
[1.369s] -- Configuring done
[1.396s] -- Generating done
[1.404s] -- Build files have been written to: /home/danish/Downloads/Auto--Agesis-main/build/serial_motor_demo_msgs
[1.410s] Invoked command in '/home/danish/Downloads/Auto--Agesis-main/build/serial_motor_demo_msgs' returned '0': CMAKE_PREFIX_PATH=${CMAKE_PREFIX_PATH}:/home/danish/Downloads/Auto--Agesis-main/install/serial_motor_demo:/home/danish/Downloads/Auto--Agesis-main/install/ros2_streamer:/opt/ros/humble DEBUGINFOD_URLS=https://debuginfod.ubuntu.com /usr/bin/cmake /home/danish/Downloads/Auto--Agesis-main/src/serial_motor_demo/serial_motor_demo_msgs -DCMAKE_INSTALL_PREFIX=/home/danish/Downloads/Auto--Agesis-main/install/serial_motor_demo_msgs
[1.411s] Invoking command in '/home/danish/Downloads/Auto--Agesis-main/build/serial_motor_demo_msgs': CMAKE_PREFIX_PATH=${CMAKE_PREFIX_PATH}:/home/danish/Downloads/Auto--Agesis-main/install/serial_motor_demo:/home/danish/Downloads/Auto--Agesis-main/install/ros2_streamer:/opt/ros/humble DEBUGINFOD_URLS=https://debuginfod.ubuntu.com /usr/bin/cmake --build /home/danish/Downloads/Auto--Agesis-main/build/serial_motor_demo_msgs -- -j12 -l12
[1.447s] [  2%] [34m[1mGenerating C code for ROS interfaces[0m
[1.455s] [  4%] [34m[1mGenerating Rust code for ROS interfaces[0m
[1.455s] [  6%] [34m[1mGenerating C++ code for ROS interfaces[0m
[1.463s] [  6%] Built target ament_cmake_python_copy_serial_motor_demo_msgs
[1.614s] running egg_info
[1.615s] creating serial_motor_demo_msgs.egg-info
[1.626s] writing serial_motor_demo_msgs.egg-info/PKG-INFO
[1.627s] writing dependency_links to serial_motor_demo_msgs.egg-info/dependency_links.txt
[1.627s] writing top-level names to serial_motor_demo_msgs.egg-info/top_level.txt
[1.627s] writing manifest file 'serial_motor_demo_msgs.egg-info/SOURCES.txt'
[1.656s] [  6%] Built target serial_motor_demo_msgs__rs
[1.662s] reading manifest file 'serial_motor_demo_msgs.egg-info/SOURCES.txt'
[1.662s] writing manifest file 'serial_motor_demo_msgs.egg-info/SOURCES.txt'
[1.682s] [  6%] Built target ament_cmake_python_build_serial_motor_demo_msgs_egg
[1.727s] [ 12%] [32mBuilding C object CMakeFiles/serial_motor_demo_msgs__rosidl_generator_c.dir/rosidl_generator_c/serial_motor_demo_msgs/msg/detail/encoder_vals__functions.c.o[0m
[1.727s] [ 12%] [32mBuilding C object CMakeFiles/serial_motor_demo_msgs__rosidl_generator_c.dir/rosidl_generator_c/serial_motor_demo_msgs/msg/detail/motor_vels__functions.c.o[0m
[1.727s] [ 12%] [32mBuilding C object CMakeFiles/serial_motor_demo_msgs__rosidl_generator_c.dir/rosidl_generator_c/serial_motor_demo_msgs/msg/detail/motor_command__functions.c.o[0m
[1.727s] [ 12%] Built target serial_motor_demo_msgs__cpp
[1.737s] [ 16%] [34m[1mGenerating C++ introspection for ROS interfaces[0m
[1.737s] [ 16%] [34m[1mGenerating C++ type support dispatch for ROS interfaces[0m
[1.737s] [ 18%] [34m[1mGenerating C++ type support for eProsima Fast-RTPS[0m
[1.764s] [ 20%] [32m[1mLinking C shared library libserial_motor_demo_msgs__rosidl_generator_c.so[0m
[1.796s] [ 20%] Built target serial_motor_demo_msgs__rosidl_generator_c
[1.805s] [ 25%] [34m[1mGenerating C type support for eProsima Fast-RTPS[0m
[1.805s] [ 25%] [34m[1mGenerating C type support dispatch for ROS interfaces[0m
[1.809s] [ 27%] [34m[1mGenerating C introspection for ROS interfaces[0m
[1.959s] [ 29%] [32mBuilding CXX object CMakeFiles/serial_motor_demo_msgs__rosidl_typesupport_cpp.dir/rosidl_typesupport_cpp/serial_motor_demo_msgs/msg/motor_command__type_support.cpp.o[0m
[1.959s] [ 31%] [32mBuilding CXX object CMakeFiles/serial_motor_demo_msgs__rosidl_typesupport_cpp.dir/rosidl_typesupport_cpp/serial_motor_demo_msgs/msg/encoder_vals__type_support.cpp.o[0m
[1.959s] [ 33%] [32mBuilding CXX object CMakeFiles/serial_motor_demo_msgs__rosidl_typesupport_cpp.dir/rosidl_typesupport_cpp/serial_motor_demo_msgs/msg/motor_vels__type_support.cpp.o[0m
[1.991s] [ 35%] [32mBuilding CXX object CMakeFiles/serial_motor_demo_msgs__rosidl_typesupport_introspection_cpp.dir/rosidl_typesupport_introspection_cpp/serial_motor_demo_msgs/msg/detail/motor_command__type_support.cpp.o[0m
[1.993s] [ 37%] [32mBuilding CXX object CMakeFiles/serial_motor_demo_msgs__rosidl_typesupport_introspection_cpp.dir/rosidl_typesupport_introspection_cpp/serial_motor_demo_msgs/msg/detail/motor_vels__type_support.cpp.o[0m
[1.993s] [ 39%] [32mBuilding CXX object CMakeFiles/serial_motor_demo_msgs__rosidl_typesupport_introspection_cpp.dir/rosidl_typesupport_introspection_cpp/serial_motor_demo_msgs/msg/detail/encoder_vals__type_support.cpp.o[0m
[2.009s] [ 43%] [32mBuilding CXX object CMakeFiles/serial_motor_demo_msgs__rosidl_typesupport_fastrtps_cpp.dir/rosidl_typesupport_fastrtps_cpp/serial_motor_demo_msgs/msg/detail/dds_fastrtps/motor_command__type_support.cpp.o[0m
[2.009s] [ 43%] [32mBuilding CXX object CMakeFiles/serial_motor_demo_msgs__rosidl_typesupport_fastrtps_cpp.dir/rosidl_typesupport_fastrtps_cpp/serial_motor_demo_msgs/msg/detail/dds_fastrtps/encoder_vals__type_support.cpp.o[0m
[2.010s] [ 45%] [32mBuilding CXX object CMakeFiles/serial_motor_demo_msgs__rosidl_typesupport_fastrtps_cpp.dir/rosidl_typesupport_fastrtps_cpp/serial_motor_demo_msgs/msg/detail/dds_fastrtps/motor_vels__type_support.cpp.o[0m
[2.089s] [ 47%] [32mBuilding CXX object CMakeFiles/serial_motor_demo_msgs__rosidl_typesupport_c.dir/rosidl_typesupport_c/serial_motor_demo_msgs/msg/motor_command__type_support.cpp.o[0m
[2.129s] [ 50%] [32mBuilding CXX object CMakeFiles/serial_motor_demo_msgs__rosidl_typesupport_c.dir/rosidl_typesupport_c/serial_motor_demo_msgs/msg/motor_vels__type_support.cpp.o[0m
[2.157s] [ 54%] [32mBuilding CXX object CMakeFiles/serial_motor_demo_msgs__rosidl_typesupport_fastrtps_c.dir/rosidl_typesupport_fastrtps_c/serial_motor_demo_msgs/msg/detail/motor_command__type_support_c.cpp.o[0m
[2.157s] [ 54%] [32mBuilding C object CMakeFiles/serial_motor_demo_msgs__rosidl_typesupport_introspection_c.dir/rosidl_typesupport_introspection_c/serial_motor_demo_msgs/msg/detail/motor_command__type_support.c.o[0m
[2.171s] [ 56%] [32mBuilding CXX object CMakeFiles/serial_motor_demo_msgs__rosidl_typesupport_c.dir/rosidl_typesupport_c/serial_motor_demo_msgs/msg/encoder_vals__type_support.cpp.o[0m
[2.201s] [ 58%] [32mBuilding C object CMakeFiles/serial_motor_demo_msgs__rosidl_typesupport_introspection_c.dir/rosidl_typesupport_introspection_c/serial_motor_demo_msgs/msg/detail/motor_vels__type_support.c.o[0m
[2.214s] [ 60%] [32m[1mLinking CXX shared library libserial_motor_demo_msgs__rosidl_typesupport_c.so[0m
[2.248s] [ 62%] [32mBuilding C object CMakeFiles/serial_motor_demo_msgs__rosidl_typesupport_introspection_c.dir/rosidl_typesupport_introspection_c/serial_motor_demo_msgs/msg/detail/encoder_vals__type_support.c.o[0m
[2.270s] [ 64%] [32mBuilding CXX object CMakeFiles/serial_motor_demo_msgs__rosidl_typesupport_fastrtps_c.dir/rosidl_typesupport_fastrtps_c/serial_motor_demo_msgs/msg/detail/motor_vels__type_support_c.cpp.o[0m
[2.273s] [ 66%] [32mBuilding CXX object CMakeFiles/serial_motor_demo_msgs__rosidl_typesupport_fastrtps_c.dir/rosidl_typesupport_fastrtps_c/serial_motor_demo_msgs/msg/detail/encoder_vals__type_support_c.cpp.o[0m
[2.274s] [ 66%] Built target serial_motor_demo_msgs__rosidl_typesupport_c
[2.289s] [ 68%] [32m[1mLinking CXX shared library libserial_motor_demo_msgs__rosidl_typesupport_cpp.so[0m
[2.305s] [ 70%] [32m[1mLinking C shared library libserial_motor_demo_msgs__rosidl_typesupport_introspection_c.so[0m
[2.352s] [ 70%] Built target serial_motor_demo_msgs__rosidl_typesupport_cpp
[2.352s] [ 70%] Built target serial_motor_demo_msgs__rosidl_typesupport_introspection_c
[2.462s] [ 72%] [32m[1mLinking CXX shared library libserial_motor_demo_msgs__rosidl_typesupport_introspection_cpp.so[0m
[2.487s] [ 75%] [32m[1mLinking CXX shared library libserial_motor_demo_msgs__rosidl_typesupport_fastrtps_cpp.so[0m
[2.498s] [ 75%] Built target serial_motor_demo_msgs__rosidl_typesupport_introspection_cpp
[2.549s] [ 75%] Built target serial_motor_demo_msgs__rosidl_typesupport_fastrtps_cpp
[2.598s] [ 77%] [32m[1mLinking CXX shared library libserial_motor_demo_msgs__rosidl_typesupport_fastrtps_c.so[0m
[2.656s] [ 77%] Built target serial_motor_demo_msgs__rosidl_typesupport_fastrtps_c
[2.673s] [ 77%] Built target serial_motor_demo_msgs
[2.690s] [ 79%] [34m[1mGenerating Python code for ROS interfaces[0m
[3.029s] [ 79%] Built target serial_motor_demo_msgs__py
[3.048s] [ 85%] [32mBuilding C object CMakeFiles/serial_motor_demo_msgs__rosidl_generator_py.dir/rosidl_generator_py/serial_motor_demo_msgs/msg/_encoder_vals_s.c.o[0m
[3.048s] [ 85%] [32mBuilding C object CMakeFiles/serial_motor_demo_msgs__rosidl_generator_py.dir/rosidl_generator_py/serial_motor_demo_msgs/msg/_motor_vels_s.c.o[0m
[3.048s] [ 85%] [32mBuilding C object CMakeFiles/serial_motor_demo_msgs__rosidl_generator_py.dir/rosidl_generator_py/serial_motor_demo_msgs/msg/_motor_command_s.c.o[0m
[3.120s] [ 87%] [32m[1mLinking C shared library rosidl_generator_py/serial_motor_demo_msgs/libserial_motor_demo_msgs__rosidl_generator_py.so[0m
[3.154s] [ 87%] Built target serial_motor_demo_msgs__rosidl_generator_py
[3.172s] [ 93%] [32mBuilding C object CMakeFiles/serial_motor_demo_msgs__rosidl_typesupport_introspection_c__pyext.dir/rosidl_generator_py/serial_motor_demo_msgs/_serial_motor_demo_msgs_s.ep.rosidl_typesupport_introspection_c.c.o[0m
[3.172s] [ 93%] [32mBuilding C object CMakeFiles/serial_motor_demo_msgs__rosidl_typesupport_fastrtps_c__pyext.dir/rosidl_generator_py/serial_motor_demo_msgs/_serial_motor_demo_msgs_s.ep.rosidl_typesupport_fastrtps_c.c.o[0m
[3.172s] [ 93%] [32mBuilding C object CMakeFiles/serial_motor_demo_msgs__rosidl_typesupport_c__pyext.dir/rosidl_generator_py/serial_motor_demo_msgs/_serial_motor_demo_msgs_s.ep.rosidl_typesupport_c.c.o[0m
[3.243s] [ 95%] [32m[1mLinking C shared library rosidl_generator_py/serial_motor_demo_msgs/serial_motor_demo_msgs_s__rosidl_typesupport_c.cpython-310-x86_64-linux-gnu.so[0m
[3.244s] [ 97%] [32m[1mLinking C shared library rosidl_generator_py/serial_motor_demo_msgs/serial_motor_demo_msgs_s__rosidl_typesupport_introspection_c.cpython-310-x86_64-linux-gnu.so[0m
[3.248s] [100%] [32m[1mLinking C shared library rosidl_generator_py/serial_motor_demo_msgs/serial_motor_demo_msgs_s__rosidl_typesupport_fastrtps_c.cpython-310-x86_64-linux-gnu.so[0m
[3.272s] [100%] Built target serial_motor_demo_msgs__rosidl_typesupport_introspection_c__pyext
[3.272s] [100%] Built target serial_motor_demo_msgs__rosidl_typesupport_c__pyext
[3.276s] [100%] Built target serial_motor_demo_msgs__rosidl_typesupport_fastrtps_c__pyext
[3.286s] Invoked command in '/home/danish/Downloads/Auto--Agesis-main/build/serial_motor_demo_msgs' returned '0': CMAKE_PREFIX_PATH=${CMAKE_PREFIX_PATH}:/home/danish/Downloads/Auto--Agesis-main/install/serial_motor_demo:/home/danish/Downloads/Auto--Agesis-main/install/ros2_streamer:/opt/ros/humble DEBUGINFOD_URLS=https://debuginfod.ubuntu.com /usr/bin/cmake --build /home/danish/Downloads/Auto--Agesis-main/build/serial_motor_demo_msgs -- -j12 -l12
[3.287s] Invoking command in '/home/danish/Downloads/Auto--Agesis-main/build/serial_motor_demo_msgs': CMAKE_PREFIX_PATH=${CMAKE_PREFIX_PATH}:/home/danish/Downloads/Auto--Agesis-main/install/serial_motor_demo:/home/danish/Downloads/Auto--Agesis-main/install/ros2_streamer:/opt/ros/humble DEBUGINFOD_URLS=https://debuginfod.ubuntu.com /usr/bin/cmake --install /home/danish/Downloads/Auto--Agesis-main/build/serial_motor_demo_msgs
[3.294s] -- Install configuration: ""
[3.294s] -- Installing: /home/danish/Downloads/Auto--Agesis-main/install/serial_motor_demo_msgs/share/ament_index/resource_index/rosidl_interfaces/serial_motor_demo_msgs
[3.294s] -- Installing: /home/danish/Downloads/Auto--Agesis-main/install/serial_motor_demo_msgs/include/serial_motor_demo_msgs/serial_motor_demo_msgs
[3.294s] -- Installing: /home/danish/Downloads/Auto--Agesis-main/install/serial_motor_demo_msgs/include/serial_motor_demo_msgs/serial_motor_demo_msgs/msg
[3.294s] -- Installing: /home/danish/Downloads/Auto--Agesis-main/install/serial_motor_demo_msgs/include/serial_motor_demo_msgs/serial_motor_demo_msgs/msg/motor_command.h
[3.295s] -- Installing: /home/danish/Downloads/Auto--Agesis-main/install/serial_motor_demo_msgs/include/serial_motor_demo_msgs/serial_motor_demo_msgs/msg/encoder_vals.h
[3.295s] -- Installing: /home/danish/Downloads/Auto--Agesis-main/install/serial_motor_demo_msgs/include/serial_motor_demo_msgs/serial_motor_demo_msgs/msg/detail
[3.295s] -- Installing: /home/danish/Downloads/Auto--Agesis-main/install/serial_motor_demo_msgs/include/serial_motor_demo_msgs/serial_motor_demo_msgs/msg/detail/motor_command__functions.c
[3.295s] -- Installing: /home/danish/Downloads/Auto--Agesis-main/install/serial_motor_demo_msgs/include/serial_motor_demo_msgs/serial_motor_demo_msgs/msg/detail/motor_vels__struct.h
[3.295s] -- Installing: /home/danish/Downloads/Auto--Agesis-main/install/serial_motor_demo_msgs/include/serial_motor_demo_msgs/serial_motor_demo_msgs/msg/detail/encoder_vals__struct.h
[3.295s] -- Installing: /home/danish/Downloads/Auto--Agesis-main/install/serial_motor_demo_msgs/include/serial_motor_demo_msgs/serial_motor_demo_msgs/msg/detail/motor_command__functions.h
[3.295s] -- Installing: /home/danish/Downloads/Auto--Agesis-main/install/serial_motor_demo_msgs/include/serial_motor_demo_msgs/serial_motor_demo_msgs/msg/detail/encoder_vals__functions.h
[3.295s] -- Installing: /home/danish/Downloads/Auto--Agesis-main/install/serial_motor_demo_msgs/include/serial_motor_demo_msgs/serial_motor_demo_msgs/msg/detail/motor_command__struct.h
[3.295s] -- Installing: /home/danish/Downloads/Auto--Agesis-main/install/serial_motor_demo_msgs/include/serial_motor_demo_msgs/serial_motor_demo_msgs/msg/detail/motor_vels__type_support.h
[3.295s] -- Installing: /home/danish/Downloads/Auto--Agesis-main/install/serial_motor_demo_msgs/include/serial_motor_demo_msgs/serial_motor_demo_msgs/msg/detail/motor_command__type_support.h
[3.296s] -- Installing: /home/danish/Downloads/Auto--Agesis-main/install/serial_motor_demo_msgs/include/serial_motor_demo_msgs/serial_motor_demo_msgs/msg/detail/encoder_vals__type_support.h
[3.296s] -- Installing: /home/danish/Downloads/Auto--Agesis-main/install/serial_motor_demo_msgs/include/serial_motor_demo_msgs/serial_motor_demo_msgs/msg/detail/motor_vels__functions.h
[3.296s] -- Installing: /home/danish/Downloads/Auto--Agesis-main/install/serial_motor_demo_msgs/include/serial_motor_demo_msgs/serial_motor_demo_msgs/msg/detail/motor_vels__functions.c
[3.296s] -- Installing: /home/danish/Downloads/Auto--Agesis-main/install/serial_motor_demo_msgs/include/serial_motor_demo_msgs/serial_motor_demo_msgs/msg/detail/encoder_vals__functions.c
[3.296s] -- Installing: /home/danish/Downloads/Auto--Agesis-main/install/serial_motor_demo_msgs/include/serial_motor_demo_msgs/serial_motor_demo_msgs/msg/motor_vels.h
[3.296s] -- Installing: /home/danish/Downloads/Auto--Agesis-main/install/serial_motor_demo_msgs/include/serial_motor_demo_msgs/serial_motor_demo_msgs/msg/rosidl_generator_c__visibility_control.h
[3.296s] -- Installing: /home/danish/Downloads/Auto--Agesis-main/install/serial_motor_demo_msgs/share/serial_motor_demo_msgs/environment/library_path.sh
[3.296s] -- Installing: /home/danish/Downloads/Auto--Agesis-main/install/serial_motor_demo_msgs/share/serial_motor_demo_msgs/environment/library_path.dsv
[3.297s] -- Installing: /home/danish/Downloads/Auto--Agesis-main/install/serial_motor_demo_msgs/lib/libserial_motor_demo_msgs__rosidl_generator_c.so
[3.297s] -- Set runtime path of "/home/danish/Downloads/Auto--Agesis-main/install/serial_motor_demo_msgs/lib/libserial_motor_demo_msgs__rosidl_generator_c.so" to ""
[3.297s] -- Up-to-date: /home/danish/Downloads/Auto--Agesis-main/install/serial_motor_demo_msgs/include/serial_motor_demo_msgs/serial_motor_demo_msgs
[3.297s] -- Up-to-date: /home/danish/Downloads/Auto--Agesis-main/install/serial_motor_demo_msgs/include/serial_motor_demo_msgs/serial_motor_demo_msgs/msg
[3.297s] -- Installing: /home/danish/Downloads/Auto--Agesis-main/install/serial_motor_demo_msgs/include/serial_motor_demo_msgs/serial_motor_demo_msgs/msg/rosidl_typesupport_fastrtps_c__visibility_control.h
[3.297s] -- Up-to-date: /home/danish/Downloads/Auto--Agesis-main/install/serial_motor_demo_msgs/include/serial_motor_demo_msgs/serial_motor_demo_msgs/msg/detail
[3.297s] -- Installing: /home/danish/Downloads/Auto--Agesis-main/install/serial_motor_demo_msgs/include/serial_motor_demo_msgs/serial_motor_demo_msgs/msg/detail/motor_command__rosidl_typesupport_fastrtps_c.h
[3.297s] -- Installing: /home/danish/Downloads/Auto--Agesis-main/install/serial_motor_demo_msgs/include/serial_motor_demo_msgs/serial_motor_demo_msgs/msg/detail/encoder_vals__rosidl_typesupport_fastrtps_c.h
[3.297s] -- Installing: /home/danish/Downloads/Auto--Agesis-main/install/serial_motor_demo_msgs/include/serial_motor_demo_msgs/serial_motor_demo_msgs/msg/detail/motor_vels__rosidl_typesupport_fastrtps_c.h
[3.298s] -- Installing: /home/danish/Downloads/Auto--Agesis-main/install/serial_motor_demo_msgs/lib/libserial_motor_demo_msgs__rosidl_typesupport_fastrtps_c.so
[3.298s] -- Set runtime path of "/home/danish/Downloads/Auto--Agesis-main/install/serial_motor_demo_msgs/lib/libserial_motor_demo_msgs__rosidl_typesupport_fastrtps_c.so" to ""
[3.298s] -- Up-to-date: /home/danish/Downloads/Auto--Agesis-main/install/serial_motor_demo_msgs/include/serial_motor_demo_msgs/serial_motor_demo_msgs
[3.298s] -- Up-to-date: /home/danish/Downloads/Auto--Agesis-main/install/serial_motor_demo_msgs/include/serial_motor_demo_msgs/serial_motor_demo_msgs/msg
[3.298s] -- Installing: /home/danish/Downloads/Auto--Agesis-main/install/serial_motor_demo_msgs/include/serial_motor_demo_msgs/serial_motor_demo_msgs/msg/rosidl_typesupport_introspection_c__visibility_control.h
[3.298s] -- Up-to-date: /home/danish/Downloads/Auto--Agesis-main/install/serial_motor_demo_msgs/include/serial_motor_demo_msgs/serial_motor_demo_msgs/msg/detail
[3.298s] -- Installing: /home/danish/Downloads/Auto--Agesis-main/install/serial_motor_demo_msgs/include/serial_motor_demo_msgs/serial_motor_demo_msgs/msg/detail/motor_vels__rosidl_typesupport_introspection_c.h
[3.298s] -- Installing: /home/danish/Downloads/Auto--Agesis-main/install/serial_motor_demo_msgs/include/serial_motor_demo_msgs/serial_motor_demo_msgs/msg/detail/motor_command__type_support.c
[3.298s] -- Installing: /home/danish/Downloads/Auto--Agesis-main/install/serial_motor_demo_msgs/include/serial_motor_demo_msgs/serial_motor_demo_msgs/msg/detail/motor_vels__type_support.c
[3.298s] -- Installing: /home/danish/Downloads/Auto--Agesis-main/install/serial_motor_demo_msgs/include/serial_motor_demo_msgs/serial_motor_demo_msgs/msg/detail/encoder_vals__rosidl_typesupport_introspection_c.h
[3.299s] -- Installing: /home/danish/Downloads/Auto--Agesis-main/install/serial_motor_demo_msgs/include/serial_motor_demo_msgs/serial_motor_demo_msgs/msg/detail/motor_command__rosidl_typesupport_introspection_c.h
[3.299s] -- Installing: /home/danish/Downloads/Auto--Agesis-main/install/serial_motor_demo_msgs/include/serial_motor_demo_msgs/serial_motor_demo_msgs/msg/detail/encoder_vals__type_support.c
[3.299s] -- Installing: /home/danish/Downloads/Auto--Agesis-main/install/serial_motor_demo_msgs/lib/libserial_motor_demo_msgs__rosidl_typesupport_introspection_c.so
[3.299s] -- Set runtime path of "/home/danish/Downloads/Auto--Agesis-main/install/serial_motor_demo_msgs/lib/libserial_motor_demo_msgs__rosidl_typesupport_introspection_c.so" to ""
[3.299s] -- Installing: /home/danish/Downloads/Auto--Agesis-main/install/serial_motor_demo_msgs/lib/libserial_motor_demo_msgs__rosidl_typesupport_c.so
[3.299s] -- Set runtime path of "/home/danish/Downloads/Auto--Agesis-main/install/serial_motor_demo_msgs/lib/libserial_motor_demo_msgs__rosidl_typesupport_c.so" to ""
[3.299s] -- Up-to-date: /home/danish/Downloads/Auto--Agesis-main/install/serial_motor_demo_msgs/include/serial_motor_demo_msgs/serial_motor_demo_msgs
[3.300s] -- Up-to-date: /home/danish/Downloads/Auto--Agesis-main/install/serial_motor_demo_msgs/include/serial_motor_demo_msgs/serial_motor_demo_msgs/msg
[3.300s] -- Installing: /home/danish/Downloads/Auto--Agesis-main/install/serial_motor_demo_msgs/include/serial_motor_demo_msgs/serial_motor_demo_msgs/msg/rosidl_generator_cpp__visibility_control.hpp
[3.300s] -- Installing: /home/danish/Downloads/Auto--Agesis-main/install/serial_motor_demo_msgs/include/serial_motor_demo_msgs/serial_motor_demo_msgs/msg/encoder_vals.hpp
[3.300s] -- Up-to-date: /home/danish/Downloads/Auto--Agesis-main/install/serial_motor_demo_msgs/include/serial_motor_demo_msgs/serial_motor_demo_msgs/msg/detail
[3.300s] -- Installing: /home/danish/Downloads/Auto--Agesis-main/install/serial_motor_demo_msgs/include/serial_motor_demo_msgs/serial_motor_demo_msgs/msg/detail/motor_vels__struct.hpp
[3.300s] -- Installing: /home/danish/Downloads/Auto--Agesis-main/install/serial_motor_demo_msgs/include/serial_motor_demo_msgs/serial_motor_demo_msgs/msg/detail/motor_command__type_support.hpp
[3.300s] -- Installing: /home/danish/Downloads/Auto--Agesis-main/install/serial_motor_demo_msgs/include/serial_motor_demo_msgs/serial_motor_demo_msgs/msg/detail/encoder_vals__builder.hpp
[3.300s] -- Installing: /home/danish/Downloads/Auto--Agesis-main/install/serial_motor_demo_msgs/include/serial_motor_demo_msgs/serial_motor_demo_msgs/msg/detail/encoder_vals__traits.hpp
[3.300s] -- Installing: /home/danish/Downloads/Auto--Agesis-main/install/serial_motor_demo_msgs/include/serial_motor_demo_msgs/serial_motor_demo_msgs/msg/detail/encoder_vals__type_support.hpp
[3.300s] -- Installing: /home/danish/Downloads/Auto--Agesis-main/install/serial_motor_demo_msgs/include/serial_motor_demo_msgs/serial_motor_demo_msgs/msg/detail/motor_vels__builder.hpp
[3.300s] -- Installing: /home/danish/Downloads/Auto--Agesis-main/install/serial_motor_demo_msgs/include/serial_motor_demo_msgs/serial_motor_demo_msgs/msg/detail/motor_vels__type_support.hpp
[3.301s] -- Installing: /home/danish/Downloads/Auto--Agesis-main/install/serial_motor_demo_msgs/include/serial_motor_demo_msgs/serial_motor_demo_msgs/msg/detail/motor_command__traits.hpp
[3.301s] -- Installing: /home/danish/Downloads/Auto--Agesis-main/install/serial_motor_demo_msgs/include/serial_motor_demo_msgs/serial_motor_demo_msgs/msg/detail/encoder_vals__struct.hpp
[3.301s] -- Installing: /home/danish/Downloads/Auto--Agesis-main/install/serial_motor_demo_msgs/include/serial_motor_demo_msgs/serial_motor_demo_msgs/msg/detail/motor_command__struct.hpp
[3.301s] -- Installing: /home/danish/Downloads/Auto--Agesis-main/install/serial_motor_demo_msgs/include/serial_motor_demo_msgs/serial_motor_demo_msgs/msg/detail/motor_command__builder.hpp
[3.301s] -- Installing: /home/danish/Downloads/Auto--Agesis-main/install/serial_motor_demo_msgs/include/serial_motor_demo_msgs/serial_motor_demo_msgs/msg/detail/motor_vels__traits.hpp
[3.301s] -- Installing: /home/danish/Downloads/Auto--Agesis-main/install/serial_motor_demo_msgs/include/serial_motor_demo_msgs/serial_motor_demo_msgs/msg/motor_vels.hpp
[3.301s] -- Installing: /home/danish/Downloads/Auto--Agesis-main/install/serial_motor_demo_msgs/include/serial_motor_demo_msgs/serial_motor_demo_msgs/msg/motor_command.hpp
[3.301s] -- Up-to-date: /home/danish/Downloads/Auto--Agesis-main/install/serial_motor_demo_msgs/include/serial_motor_demo_msgs/serial_motor_demo_msgs
[3.301s] -- Up-to-date: /home/danish/Downloads/Auto--Agesis-main/install/serial_motor_demo_msgs/include/serial_motor_demo_msgs/serial_motor_demo_msgs/msg
[3.301s] -- Installing: /home/danish/Downloads/Auto--Agesis-main/install/serial_motor_demo_msgs/include/serial_motor_demo_msgs/serial_motor_demo_msgs/msg/rosidl_typesupport_fastrtps_cpp__visibility_control.h
[3.302s] -- Up-to-date: /home/danish/Downloads/Auto--Agesis-main/install/serial_motor_demo_msgs/include/serial_motor_demo_msgs/serial_motor_demo_msgs/msg/detail
[3.302s] -- Installing: /home/danish/Downloads/Auto--Agesis-main/install/serial_motor_demo_msgs/include/serial_motor_demo_msgs/serial_motor_demo_msgs/msg/detail/dds_fastrtps
[3.302s] -- Installing: /home/danish/Downloads/Auto--Agesis-main/install/serial_motor_demo_msgs/include/serial_motor_demo_msgs/serial_motor_demo_msgs/msg/detail/motor_vels__rosidl_typesupport_fastrtps_cpp.hpp
[3.302s] -- Installing: /home/danish/Downloads/Auto--Agesis-main/install/serial_motor_demo_msgs/include/serial_motor_demo_msgs/serial_motor_demo_msgs/msg/detail/encoder_vals__rosidl_typesupport_fastrtps_cpp.hpp
[3.302s] -- Installing: /home/danish/Downloads/Auto--Agesis-main/install/serial_motor_demo_msgs/include/serial_motor_demo_msgs/serial_motor_demo_msgs/msg/detail/motor_command__rosidl_typesupport_fastrtps_cpp.hpp
[3.302s] -- Installing: /home/danish/Downloads/Auto--Agesis-main/install/serial_motor_demo_msgs/lib/libserial_motor_demo_msgs__rosidl_typesupport_fastrtps_cpp.so
[3.302s] -- Set runtime path of "/home/danish/Downloads/Auto--Agesis-main/install/serial_motor_demo_msgs/lib/libserial_motor_demo_msgs__rosidl_typesupport_fastrtps_cpp.so" to ""
[3.303s] -- Up-to-date: /home/danish/Downloads/Auto--Agesis-main/install/serial_motor_demo_msgs/include/serial_motor_demo_msgs/serial_motor_demo_msgs
[3.303s] -- Up-to-date: /home/danish/Downloads/Auto--Agesis-main/install/serial_motor_demo_msgs/include/serial_motor_demo_msgs/serial_motor_demo_msgs/msg
[3.303s] -- Up-to-date: /home/danish/Downloads/Auto--Agesis-main/install/serial_motor_demo_msgs/include/serial_motor_demo_msgs/serial_motor_demo_msgs/msg/detail
[3.303s] -- Installing: /home/danish/Downloads/Auto--Agesis-main/install/serial_motor_demo_msgs/include/serial_motor_demo_msgs/serial_motor_demo_msgs/msg/detail/motor_command__rosidl_typesupport_introspection_cpp.hpp
[3.303s] -- Installing: /home/danish/Downloads/Auto--Agesis-main/install/serial_motor_demo_msgs/include/serial_motor_demo_msgs/serial_motor_demo_msgs/msg/detail/encoder_vals__rosidl_typesupport_introspection_cpp.hpp
[3.303s] -- Installing: /home/danish/Downloads/Auto--Agesis-main/install/serial_motor_demo_msgs/include/serial_motor_demo_msgs/serial_motor_demo_msgs/msg/detail/motor_vels__rosidl_typesupport_introspection_cpp.hpp
[3.303s] -- Installing: /home/danish/Downloads/Auto--Agesis-main/install/serial_motor_demo_msgs/include/serial_motor_demo_msgs/serial_motor_demo_msgs/msg/detail/encoder_vals__type_support.cpp
[3.303s] -- Installing: /home/danish/Downloads/Auto--Agesis-main/install/serial_motor_demo_msgs/include/serial_motor_demo_msgs/serial_motor_demo_msgs/msg/detail/motor_command__type_support.cpp
[3.303s] -- Installing: /home/danish/Downloads/Auto--Agesis-main/install/serial_motor_demo_msgs/include/serial_motor_demo_msgs/serial_motor_demo_msgs/msg/detail/motor_vels__type_support.cpp
[3.303s] -- Installing: /home/danish/Downloads/Auto--Agesis-main/install/serial_motor_demo_msgs/lib/libserial_motor_demo_msgs__rosidl_typesupport_introspection_cpp.so
[3.304s] -- Set runtime path of "/home/danish/Downloads/Auto--Agesis-main/install/serial_motor_demo_msgs/lib/libserial_motor_demo_msgs__rosidl_typesupport_introspection_cpp.so" to ""
[3.304s] -- Installing: /home/danish/Downloads/Auto--Agesis-main/install/serial_motor_demo_msgs/lib/libserial_motor_demo_msgs__rosidl_typesupport_cpp.so
[3.304s] -- Set runtime path of "/home/danish/Downloads/Auto--Agesis-main/install/serial_motor_demo_msgs/lib/libserial_motor_demo_msgs__rosidl_typesupport_cpp.so" to ""
[3.304s] -- Installing: /home/danish/Downloads/Auto--Agesis-main/install/serial_motor_demo_msgs/share/serial_motor_demo_msgs/environment/pythonpath.sh
[3.304s] -- Installing: /home/danish/Downloads/Auto--Agesis-main/install/serial_motor_demo_msgs/share/serial_motor_demo_msgs/environment/pythonpath.dsv
[3.304s] -- Installing: /home/danish/Downloads/Auto--Agesis-main/install/serial_motor_demo_msgs/local/lib/python3.10/dist-packages/serial_motor_demo_msgs-0.0.0-py3.10.egg-info
[3.304s] -- Installing: /home/danish/Downloads/Auto--Agesis-main/install/serial_motor_demo_msgs/local/lib/python3.10/dist-packages/serial_motor_demo_msgs-0.0.0-py3.10.egg-info/dependency_links.txt
[3.304s] -- Installing: /home/danish/Downloads/Auto--Agesis-main/install/serial_motor_demo_msgs/local/lib/python3.10/dist-packages/serial_motor_demo_msgs-0.0.0-py3.10.egg-info/SOURCES.txt
[3.305s] -- Installing: /home/danish/Downloads/Auto--Agesis-main/install/serial_motor_demo_msgs/local/lib/python3.10/dist-packages/serial_motor_demo_msgs-0.0.0-py3.10.egg-info/PKG-INFO
[3.305s] -- Installing: /home/danish/Downloads/Auto--Agesis-main/install/serial_motor_demo_msgs/local/lib/python3.10/dist-packages/serial_motor_demo_msgs-0.0.0-py3.10.egg-info/top_level.txt
[3.305s] -- Installing: /home/danish/Downloads/Auto--Agesis-main/install/serial_motor_demo_msgs/local/lib/python3.10/dist-packages/serial_motor_demo_msgs
[3.305s] -- Installing: /home/danish/Downloads/Auto--Agesis-main/install/serial_motor_demo_msgs/local/lib/python3.10/dist-packages/serial_motor_demo_msgs/__init__.py
[3.305s] -- Installing: /home/danish/Downloads/Auto--Agesis-main/install/serial_motor_demo_msgs/local/lib/python3.10/dist-packages/serial_motor_demo_msgs/_serial_motor_demo_msgs_s.ep.rosidl_typesupport_c.c
[3.305s] -- Installing: /home/danish/Downloads/Auto--Agesis-main/install/serial_motor_demo_msgs/local/lib/python3.10/dist-packages/serial_motor_demo_msgs/libserial_motor_demo_msgs__rosidl_generator_py.so
[3.305s] -- Installing: /home/danish/Downloads/Auto--Agesis-main/install/serial_motor_demo_msgs/local/lib/python3.10/dist-packages/serial_motor_demo_msgs/serial_motor_demo_msgs_s__rosidl_typesupport_c.cpython-310-x86_64-linux-gnu.so
[3.305s] -- Installing: /home/danish/Downloads/Auto--Agesis-main/install/serial_motor_demo_msgs/local/lib/python3.10/dist-packages/serial_motor_demo_msgs/serial_motor_demo_msgs_s__rosidl_typesupport_introspection_c.cpython-310-x86_64-linux-gnu.so
[3.306s] -- Installing: /home/danish/Downloads/Auto--Agesis-main/install/serial_motor_demo_msgs/local/lib/python3.10/dist-packages/serial_motor_demo_msgs/msg
[3.306s] -- Installing: /home/danish/Downloads/Auto--Agesis-main/install/serial_motor_demo_msgs/local/lib/python3.10/dist-packages/serial_motor_demo_msgs/msg/__init__.py
[3.306s] -- Installing: /home/danish/Downloads/Auto--Agesis-main/install/serial_motor_demo_msgs/local/lib/python3.10/dist-packages/serial_motor_demo_msgs/msg/_motor_vels_s.c
[3.306s] -- Installing: /home/danish/Downloads/Auto--Agesis-main/install/serial_motor_demo_msgs/local/lib/python3.10/dist-packages/serial_motor_demo_msgs/msg/_motor_vels.py
[3.306s] -- Installing: /home/danish/Downloads/Auto--Agesis-main/install/serial_motor_demo_msgs/local/lib/python3.10/dist-packages/serial_motor_demo_msgs/msg/_encoder_vals_s.c
[3.306s] -- Installing: /home/danish/Downloads/Auto--Agesis-main/install/serial_motor_demo_msgs/local/lib/python3.10/dist-packages/serial_motor_demo_msgs/msg/_encoder_vals.py
[3.306s] -- Installing: /home/danish/Downloads/Auto--Agesis-main/install/serial_motor_demo_msgs/local/lib/python3.10/dist-packages/serial_motor_demo_msgs/msg/_motor_command.py
[3.306s] -- Installing: /home/danish/Downloads/Auto--Agesis-main/install/serial_motor_demo_msgs/local/lib/python3.10/dist-packages/serial_motor_demo_msgs/msg/_motor_command_s.c
[3.306s] -- Installing: /home/danish/Downloads/Auto--Agesis-main/install/serial_motor_demo_msgs/local/lib/python3.10/dist-packages/serial_motor_demo_msgs/_serial_motor_demo_msgs_s.ep.rosidl_typesupport_fastrtps_c.c
[3.307s] -- Installing: /home/danish/Downloads/Auto--Agesis-main/install/serial_motor_demo_msgs/local/lib/python3.10/dist-packages/serial_motor_demo_msgs/serial_motor_demo_msgs_s__rosidl_typesupport_fastrtps_c.cpython-310-x86_64-linux-gnu.so
[3.307s] -- Installing: /home/danish/Downloads/Auto--Agesis-main/install/serial_motor_demo_msgs/local/lib/python3.10/dist-packages/serial_motor_demo_msgs/_serial_motor_demo_msgs_s.ep.rosidl_typesupport_introspection_c.c
[3.334s] Listing '/home/danish/Downloads/Auto--Agesis-main/install/serial_motor_demo_msgs/local/lib/python3.10/dist-packages/serial_motor_demo_msgs'...
[3.334s] Compiling '/home/danish/Downloads/Auto--Agesis-main/install/serial_motor_demo_msgs/local/lib/python3.10/dist-packages/serial_motor_demo_msgs/__init__.py'...
[3.334s] Listing '/home/danish/Downloads/Auto--Agesis-main/install/serial_motor_demo_msgs/local/lib/python3.10/dist-packages/serial_motor_demo_msgs/msg'...
[3.334s] Compiling '/home/danish/Downloads/Auto--Agesis-main/install/serial_motor_demo_msgs/local/lib/python3.10/dist-packages/serial_motor_demo_msgs/msg/__init__.py'...
[3.335s] Compiling '/home/danish/Downloads/Auto--Agesis-main/install/serial_motor_demo_msgs/local/lib/python3.10/dist-packages/serial_motor_demo_msgs/msg/_encoder_vals.py'...
[3.335s] Compiling '/home/danish/Downloads/Auto--Agesis-main/install/serial_motor_demo_msgs/local/lib/python3.10/dist-packages/serial_motor_demo_msgs/msg/_motor_command.py'...
[3.335s] Compiling '/home/danish/Downloads/Auto--Agesis-main/install/serial_motor_demo_msgs/local/lib/python3.10/dist-packages/serial_motor_demo_msgs/msg/_motor_vels.py'...
[3.338s] -- Installing: /home/danish/Downloads/Auto--Agesis-main/install/serial_motor_demo_msgs/local/lib/python3.10/dist-packages/serial_motor_demo_msgs/serial_motor_demo_msgs_s__rosidl_typesupport_fastrtps_c.cpython-310-x86_64-linux-gnu.so
[3.339s] -- Set runtime path of "/home/danish/Downloads/Auto--Agesis-main/install/serial_motor_demo_msgs/local/lib/python3.10/dist-packages/serial_motor_demo_msgs/serial_motor_demo_msgs_s__rosidl_typesupport_fastrtps_c.cpython-310-x86_64-linux-gnu.so" to ""
[3.339s] -- Installing: /home/danish/Downloads/Auto--Agesis-main/install/serial_motor_demo_msgs/local/lib/python3.10/dist-packages/serial_motor_demo_msgs/serial_motor_demo_msgs_s__rosidl_typesupport_introspection_c.cpython-310-x86_64-linux-gnu.so
[3.339s] -- Set runtime path of "/home/danish/Downloads/Auto--Agesis-main/install/serial_motor_demo_msgs/local/lib/python3.10/dist-packages/serial_motor_demo_msgs/serial_motor_demo_msgs_s__rosidl_typesupport_introspection_c.cpython-310-x86_64-linux-gnu.so" to ""
[3.339s] -- Installing: /home/danish/Downloads/Auto--Agesis-main/install/serial_motor_demo_msgs/local/lib/python3.10/dist-packages/serial_motor_demo_msgs/serial_motor_demo_msgs_s__rosidl_typesupport_c.cpython-310-x86_64-linux-gnu.so
[3.340s] -- Set runtime path of "/home/danish/Downloads/Auto--Agesis-main/install/serial_motor_demo_msgs/local/lib/python3.10/dist-packages/serial_motor_demo_msgs/serial_motor_demo_msgs_s__rosidl_typesupport_c.cpython-310-x86_64-linux-gnu.so" to ""
[3.340s] -- Installing: /home/danish/Downloads/Auto--Agesis-main/install/serial_motor_demo_msgs/lib/libserial_motor_demo_msgs__rosidl_generator_py.so
[3.340s] -- Set runtime path of "/home/danish/Downloads/Auto--Agesis-main/install/serial_motor_demo_msgs/lib/libserial_motor_demo_msgs__rosidl_generator_py.so" to ""
[3.340s] -- Installing: /home/danish/Downloads/Auto--Agesis-main/install/serial_motor_demo_msgs/share/ament_index/resource_index/rust_packages/serial_motor_demo_msgs
[3.340s] -- Installing: /home/danish/Downloads/Auto--Agesis-main/install/serial_motor_demo_msgs/share/serial_motor_demo_msgs/rust
[3.340s] -- Installing: /home/danish/Downloads/Auto--Agesis-main/install/serial_motor_demo_msgs/share/serial_motor_demo_msgs/rust/src
[3.340s] -- Installing: /home/danish/Downloads/Auto--Agesis-main/install/serial_motor_demo_msgs/share/serial_motor_demo_msgs/rust/src/msg.rs
[3.341s] -- Installing: /home/danish/Downloads/Auto--Agesis-main/install/serial_motor_demo_msgs/share/serial_motor_demo_msgs/rust/src/msg
[3.341s] -- Installing: /home/danish/Downloads/Auto--Agesis-main/install/serial_motor_demo_msgs/share/serial_motor_demo_msgs/rust/src/msg/rmw.rs
[3.341s] -- Installing: /home/danish/Downloads/Auto--Agesis-main/install/serial_motor_demo_msgs/share/serial_motor_demo_msgs/rust/src/lib.rs
[3.341s] -- Installing: /home/danish/Downloads/Auto--Agesis-main/install/serial_motor_demo_msgs/share/serial_motor_demo_msgs/rust/Cargo.toml
[3.341s] -- Installing: /home/danish/Downloads/Auto--Agesis-main/install/serial_motor_demo_msgs/share/serial_motor_demo_msgs/rust/build.rs
[3.341s] -- Installing: /home/danish/Downloads/Auto--Agesis-main/install/serial_motor_demo_msgs/share/serial_motor_demo_msgs/msg/MotorCommand.idl
[3.341s] -- Installing: /home/danish/Downloads/Auto--Agesis-main/install/serial_motor_demo_msgs/share/serial_motor_demo_msgs/msg/MotorVels.idl
[3.341s] -- Installing: /home/danish/Downloads/Auto--Agesis-main/install/serial_motor_demo_msgs/share/serial_motor_demo_msgs/msg/EncoderVals.idl
[3.342s] -- Installing: /home/danish/Downloads/Auto--Agesis-main/install/serial_motor_demo_msgs/share/serial_motor_demo_msgs/msg/MotorCommand.msg
[3.342s] -- Installing: /home/danish/Downloads/Auto--Agesis-main/install/serial_motor_demo_msgs/share/serial_motor_demo_msgs/msg/MotorVels.msg
[3.342s] -- Installing: /home/danish/Downloads/Auto--Agesis-main/install/serial_motor_demo_msgs/share/serial_motor_demo_msgs/msg/EncoderVals.msg
[3.342s] -- Installing: /home/danish/Downloads/Auto--Agesis-main/install/serial_motor_demo_msgs/share/ament_index/resource_index/package_run_dependencies/serial_motor_demo_msgs
[3.342s] -- Installing: /home/danish/Downloads/Auto--Agesis-main/install/serial_motor_demo_msgs/share/ament_index/resource_index/parent_prefix_path/serial_motor_demo_msgs
[3.342s] -- Installing: /home/danish/Downloads/Auto--Agesis-main/install/serial_motor_demo_msgs/share/serial_motor_demo_msgs/environment/ament_prefix_path.sh
[3.342s] -- Installing: /home/danish/Downloads/Auto--Agesis-main/install/serial_motor_demo_msgs/share/serial_motor_demo_msgs/environment/ament_prefix_path.dsv
[3.343s] -- Installing: /home/danish/Downloads/Auto--Agesis-main/install/serial_motor_demo_msgs/share/serial_motor_demo_msgs/environment/path.sh
[3.343s] -- Installing: /home/danish/Downloads/Auto--Agesis-main/install/serial_motor_demo_msgs/share/serial_motor_demo_msgs/environment/path.dsv
[3.343s] -- Installing: /home/danish/Downloads/Auto--Agesis-main/install/serial_motor_demo_msgs/share/serial_motor_demo_msgs/local_setup.bash
[3.343s] -- Installing: /home/danish/Downloads/Auto--Agesis-main/install/serial_motor_demo_msgs/share/serial_motor_demo_msgs/local_setup.sh
[3.343s] -- Installing: /home/danish/Downloads/Auto--Agesis-main/install/serial_motor_demo_msgs/share/serial_motor_demo_msgs/local_setup.zsh
[3.343s] -- Installing: /home/danish/Downloads/Auto--Agesis-main/install/serial_motor_demo_msgs/share/serial_motor_demo_msgs/local_setup.dsv
[3.343s] -- Installing: /home/danish/Downloads/Auto--Agesis-main/install/serial_motor_demo_msgs/share/serial_motor_demo_msgs/package.dsv
[3.344s] -- Installing: /home/danish/Downloads/Auto--Agesis-main/install/serial_motor_demo_msgs/share/ament_index/resource_index/packages/serial_motor_demo_msgs
[3.344s] -- Installing: /home/danish/Downloads/Auto--Agesis-main/install/serial_motor_demo_msgs/share/serial_motor_demo_msgs/cmake/export_serial_motor_demo_msgs__rosidl_generator_cExport.cmake
[3.344s] -- Installing: /home/danish/Downloads/Auto--Agesis-main/install/serial_motor_demo_msgs/share/serial_motor_demo_msgs/cmake/export_serial_motor_demo_msgs__rosidl_generator_cExport-noconfig.cmake
[3.344s] -- Installing: /home/danish/Downloads/Auto--Agesis-main/install/serial_motor_demo_msgs/share/serial_motor_demo_msgs/cmake/export_serial_motor_demo_msgs__rosidl_typesupport_fastrtps_cExport.cmake
[3.344s] -- Installing: /home/danish/Downloads/Auto--Agesis-main/install/serial_motor_demo_msgs/share/serial_motor_demo_msgs/cmake/export_serial_motor_demo_msgs__rosidl_typesupport_fastrtps_cExport-noconfig.cmake
[3.344s] -- Installing: /home/danish/Downloads/Auto--Agesis-main/install/serial_motor_demo_msgs/share/serial_motor_demo_msgs/cmake/serial_motor_demo_msgs__rosidl_typesupport_introspection_cExport.cmake
[3.345s] -- Installing: /home/danish/Downloads/Auto--Agesis-main/install/serial_motor_demo_msgs/share/serial_motor_demo_msgs/cmake/serial_motor_demo_msgs__rosidl_typesupport_introspection_cExport-noconfig.cmake
[3.345s] -- Installing: /home/danish/Downloads/Auto--Agesis-main/install/serial_motor_demo_msgs/share/serial_motor_demo_msgs/cmake/serial_motor_demo_msgs__rosidl_typesupport_cExport.cmake
[3.345s] -- Installing: /home/danish/Downloads/Auto--Agesis-main/install/serial_motor_demo_msgs/share/serial_motor_demo_msgs/cmake/serial_motor_demo_msgs__rosidl_typesupport_cExport-noconfig.cmake
[3.345s] -- Installing: /home/danish/Downloads/Auto--Agesis-main/install/serial_motor_demo_msgs/share/serial_motor_demo_msgs/cmake/export_serial_motor_demo_msgs__rosidl_generator_cppExport.cmake
[3.345s] -- Installing: /home/danish/Downloads/Auto--Agesis-main/install/serial_motor_demo_msgs/share/serial_motor_demo_msgs/cmake/export_serial_motor_demo_msgs__rosidl_typesupport_fastrtps_cppExport.cmake
[3.345s] -- Installing: /home/danish/Downloads/Auto--Agesis-main/install/serial_motor_demo_msgs/share/serial_motor_demo_msgs/cmake/export_serial_motor_demo_msgs__rosidl_typesupport_fastrtps_cppExport-noconfig.cmake
[3.345s] -- Installing: /home/danish/Downloads/Auto--Agesis-main/install/serial_motor_demo_msgs/share/serial_motor_demo_msgs/cmake/serial_motor_demo_msgs__rosidl_typesupport_introspection_cppExport.cmake
[3.346s] -- Installing: /home/danish/Downloads/Auto--Agesis-main/install/serial_motor_demo_msgs/share/serial_motor_demo_msgs/cmake/serial_motor_demo_msgs__rosidl_typesupport_introspection_cppExport-noconfig.cmake
[3.346s] -- Installing: /home/danish/Downloads/Auto--Agesis-main/install/serial_motor_demo_msgs/share/serial_motor_demo_msgs/cmake/serial_motor_demo_msgs__rosidl_typesupport_cppExport.cmake
[3.346s] -- Installing: /home/danish/Downloads/Auto--Agesis-main/install/serial_motor_demo_msgs/share/serial_motor_demo_msgs/cmake/serial_motor_demo_msgs__rosidl_typesupport_cppExport-noconfig.cmake
[3.346s] -- Installing: /home/danish/Downloads/Auto--Agesis-main/install/serial_motor_demo_msgs/share/serial_motor_demo_msgs/cmake/export_serial_motor_demo_msgs__rosidl_generator_pyExport.cmake
[3.346s] -- Installing: /home/danish/Downloads/Auto--Agesis-main/install/serial_motor_demo_msgs/share/serial_motor_demo_msgs/cmake/export_serial_motor_demo_msgs__rosidl_generator_pyExport-noconfig.cmake
[3.346s] -- Installing: /home/danish/Downloads/Auto--Agesis-main/install/serial_motor_demo_msgs/share/serial_motor_demo_msgs/cmake/rosidl_cmake-extras.cmake
[3.346s] -- Installing: /home/danish/Downloads/Auto--Agesis-main/install/serial_motor_demo_msgs/share/serial_motor_demo_msgs/cmake/ament_cmake_export_include_directories-extras.cmake
[3.347s] -- Installing: /home/danish/Downloads/Auto--Agesis-main/install/serial_motor_demo_msgs/share/serial_motor_demo_msgs/cmake/ament_cmake_export_libraries-extras.cmake
[3.347s] -- Installing: /home/danish/Downloads/Auto--Agesis-main/install/serial_motor_demo_msgs/share/serial_motor_demo_msgs/cmake/ament_cmake_export_targets-extras.cmake
[3.347s] -- Installing: /home/danish/Downloads/Auto--Agesis-main/install/serial_motor_demo_msgs/share/serial_motor_demo_msgs/cmake/rosidl_cmake_export_typesupport_targets-extras.cmake
[3.347s] -- Installing: /home/danish/Downloads/Auto--Agesis-main/install/serial_motor_demo_msgs/share/serial_motor_demo_msgs/cmake/ament_cmake_export_dependencies-extras.cmake
[3.347s] -- Installing: /home/danish/Downloads/Auto--Agesis-main/install/serial_motor_demo_msgs/share/serial_motor_demo_msgs/cmake/rosidl_cmake_export_typesupport_libraries-extras.cmake
[3.347s] -- Installing: /home/danish/Downloads/Auto--Agesis-main/install/serial_motor_demo_msgs/share/serial_motor_demo_msgs/cmake/serial_motor_demo_msgsConfig.cmake
[3.347s] -- Installing: /home/danish/Downloads/Auto--Agesis-main/install/serial_motor_demo_msgs/share/serial_motor_demo_msgs/cmake/serial_motor_demo_msgsConfig-version.cmake
[3.348s] -- Installing: /home/danish/Downloads/Auto--Agesis-main/install/serial_motor_demo_msgs/share/serial_motor_demo_msgs/package.xml
[3.350s] Invoked command in '/home/danish/Downloads/Auto--Agesis-main/build/serial_motor_demo_msgs' returned '0': CMAKE_PREFIX_PATH=${CMAKE_PREFIX_PATH}:/home/danish/Downloads/Auto--Agesis-main/install/serial_motor_demo:/home/danish/Downloads/Auto--Agesis-main/install/ros2_streamer:/opt/ros/humble DEBUGINFOD_URLS=https://debuginfod.ubuntu.com /usr/bin/cmake --install /home/danish/Downloads/Auto--Agesis-main/build/serial_motor_demo_msgs
